============================= test session starts ==============================
platform linux -- Python 3.12.3, pytest-8.4.2, pluggy-1.6.0
rootdir: /opt/sora_earth
configfile: pytest.ini
plugins: timeout-2.4.0, anyio-4.12.1
timeout: 30.0s
timeout method: signal
timeout func_only: False
collected 384 items

tests/test_ab.py ..........                                              [  2%]
tests/test_ab_boost.py ...                                               [  3%]
tests/test_ab_deep.py FF.ss                                              [  4%]
tests/test_admin_ai_control.py ....                                      [  5%]
tests/test_admin_timeline_diagnostics.py ..........                      [  8%]
tests/test_ai_teammate.py .........                                      [ 10%]
tests/test_analytics.py ....................                             [ 15%]
tests/test_api.py F..F.FFF..F.........                                   [ 21%]
tests/test_api_public_v1.py F.....F.                                     [ 23%]
tests/test_auth.py FFF.Fx                                                [ 24%]
tests/test_auth_metrics.py FF                                            [ 25%]
tests/test_auth_routes_deep.py FFFF.FFFFF                                [ 27%]
tests/test_batch.py ............                                         [ 30%]
tests/test_benchmarks.py ...F                                            [ 32%]
tests/test_cache.py .....                                                [ 33%]
tests/test_cache_advanced.py .....                                       [ 34%]
tests/test_calibration_boost.py .                                        [ 34%]
tests/test_calibration_deep.py F.FFs                                     [ 36%]
tests/test_calibration_metrics.py ...........                            [ 39%]
tests/test_closed_loop.py ...                                            [ 39%]
tests/test_closed_loop_scheduler.py ...                                  [ 40%]
tests/test_compare_drift.py ............                                 [ 43%]
tests/test_compliance.py ....                                            [ 44%]
tests/test_coverage_boost.py ......FFFFFFFFF...F.FF                      [ 50%]
tests/test_coverage_boost2.py .............                              [ 53%]
tests/test_coverage_final.py ................x............               [ 61%]
tests/test_data_pipeline.py ......                                       [ 63%]
tests/test_docker.py .......                                             [ 64%]
tests/test_explain_boost.py ....                                         [ 65%]
tests/test_external_data.py .......                                      [ 67%]
tests/test_external_data_v2.py .....................                     [ 73%]
tests/test_full_pipeline.py ...                                          [ 73%]
tests/test_history_filters.py ...                                        [ 74%]
tests/test_infrastructure.py ....                                        [ 75%]
tests/test_k8s_readiness.py .....                                        [ 77%]
tests/test_metrics_business.py ..                                        [ 77%]
tests/test_mlflow.py ...                                                 [ 78%]
tests/test_predict_retrain.py .FFF.......F.....                          [ 82%]
tests/test_predict_v2.py ...........                                     [ 85%]
tests/test_reports.py ......                                             [ 87%]
tests/test_scoring_baseline.py .F.....F.....F.....F.....F.....F.....F... [ 97%]
.                                                                        [ 98%]
tests/test_system.py .......                                             [100%]

=================================== FAILURES ===================================
________________________________ test_ab_start _________________________________
tests/test_ab_deep.py:13: in test_ab_start
    assert r.status_code in (200, 201, 404, 422)
E   assert 405 in (200, 201, 404, 422)
E    +  where 405 = <Response [405 Method Not Allowed]>.status_code
----------------------------- Captured stdout call -----------------------------
2026-05-07 18:11:02 [info     ] POST /ab/start 405 0.35ms
{"timestamp": "2026-05-07T15:11:02.430232Z", "level": "INFO", "logger": "httpx", "message": "HTTP Request: POST http://testserver/ab/start \"HTTP/1.1 405 Method Not Allowed\"", "module": "_client", "function": "_send_single_request", "line": 1038}
------------------------------ Captured log call -------------------------------
INFO     httpx:_client.py:1038 HTTP Request: POST http://testserver/ab/start "HTTP/1.1 405 Method Not Allowed"
_______________________________ test_ab_compare ________________________________
tests/test_ab_deep.py:19: in test_ab_compare
    assert r.status_code in (200, 404, 422, 500)
E   assert 405 in (200, 404, 422, 500)
E    +  where 405 = <Response [405 Method Not Allowed]>.status_code
----------------------------- Captured stdout call -----------------------------
2026-05-07 18:11:02 [info     ] POST /ab/compare 405 0.39ms
{"timestamp": "2026-05-07T15:11:02.495653Z", "level": "INFO", "logger": "httpx", "message": "HTTP Request: POST http://testserver/ab/compare \"HTTP/1.1 405 Method Not Allowed\"", "module": "_client", "function": "_send_single_request", "line": 1038}
------------------------------ Captured log call -------------------------------
INFO     httpx:_client.py:1038 HTTP Request: POST http://testserver/ab/compare "HTTP/1.1 405 Method Not Allowed"
__________________________________ test_root ___________________________________
tests/test_api.py:21: in test_root
    assert "SORA.Earth" in r.text
E   assert 'SORA.Earth' in '<!doctype html>\n<html lang="en">\n  <head>\n    <meta charset="UTF-8" />\n    <link rel="icon" type="image/svg+xml" ..." crossorigin href="/assets/index-4bYFrtby.css">\n  </head>\n  <body>\n    <div id="root"></div>\n  </body>\n</html>\n'
E    +  where '<!doctype html>\n<html lang="en">\n  <head>\n    <meta charset="UTF-8" />\n    <link rel="icon" type="image/svg+xml" ..." crossorigin href="/assets/index-4bYFrtby.css">\n  </head>\n  <body>\n    <div id="root"></div>\n  </body>\n</html>\n' = <Response [200 OK]>.text
----------------------------- Captured stdout call -----------------------------
2026-05-07 18:11:02 [info     ] GET / 200 1.39ms
{"timestamp": "2026-05-07T15:11:03.001684Z", "level": "INFO", "logger": "httpx", "message": "HTTP Request: GET http://testserver/ \"HTTP/1.1 200 OK\"", "module": "_client", "function": "_send_single_request", "line": 1038}
------------------------------ Captured log call -------------------------------
INFO     httpx:_client.py:1038 HTTP Request: GET http://testserver/ "HTTP/1.1 200 OK"
_________________________________ test_history _________________________________
tests/test_api.py:37: in test_history
    assert isinstance(r.json(), list)
E   AssertionError: assert False
E    +  where False = isinstance({'items': [{'budget': 400000.0, 'co2_reduction': 600.0, 'created_at': '2026-05-07T18:11:02.888210', 'duration_months':... 'created_at': '2026-05-07T18:10:57.763078', 'duration_months': 36, ...}, ...], 'limit': 50, 'offset': 0, 'total': 565}, list)
E    +    where {'items': [{'budget': 400000.0, 'co2_reduction': 600.0, 'created_at': '2026-05-07T18:11:02.888210', 'duration_months':... 'created_at': '2026-05-07T18:10:57.763078', 'duration_months': 36, ...}, ...], 'limit': 50, 'offset': 0, 'total': 565} = json()
E    +      where json = <Response [200 OK]>.json
----------------------------- Captured stdout call -----------------------------
2026-05-07 18:11:03 [info     ] GET /api/v1/history 200 9.26ms
{"timestamp": "2026-05-07T15:11:03.031247Z", "level": "INFO", "logger": "httpx", "message": "HTTP Request: GET http://testserver/api/v1/history \"HTTP/1.1 200 OK\"", "module": "_client", "function": "_send_single_request", "line": 1038}
------------------------------ Captured log call -------------------------------
INFO     httpx:_client.py:1038 HTTP Request: GET http://testserver/api/v1/history "HTTP/1.1 200 OK"
_____________________________ test_predict_compare _____________________________
  + Exception Group Traceback (most recent call last):
  |   File "/opt/sora_earth/.venv/lib/python3.12/site-packages/starlette/_utils.py", line 79, in collapse_excgroups
  |     yield
  |   File "/opt/sora_earth/.venv/lib/python3.12/site-packages/starlette/middleware/base.py", line 192, in __call__
  |     async with anyio.create_task_group() as task_group:
  |   File "/opt/sora_earth/.venv/lib/python3.12/site-packages/anyio/_backends/_asyncio.py", line 783, in __aexit__
  |     raise BaseExceptionGroup(
  | ExceptionGroup: unhandled errors in a TaskGroup (1 sub-exception)
  +-+---------------- 1 ----------------
    | Traceback (most recent call last):
    |   File "/opt/sora_earth/.venv/lib/python3.12/site-packages/_pytest/runner.py", line 344, in from_call
    |     result: TResult | None = func()
    |                              ^^^^^^
    |   File "/opt/sora_earth/.venv/lib/python3.12/site-packages/_pytest/runner.py", line 246, in <lambda>
    |     lambda: runtest_hook(item=item, **kwds), when=when, reraise=reraise
    |             ^^^^^^^^^^^^^^^^^^^^^^^^^^^^^^^
    |   File "/opt/sora_earth/.venv/lib/python3.12/site-packages/pluggy/_hooks.py", line 512, in __call__
    |     return self._hookexec(self.name, self._hookimpls.copy(), kwargs, firstresult)
    |            ^^^^^^^^^^^^^^^^^^^^^^^^^^^^^^^^^^^^^^^^^^^^^^^^^^^^^^^^^^^^^^^^^^^^^^
    |   File "/opt/sora_earth/.venv/lib/python3.12/site-packages/pluggy/_manager.py", line 120, in _hookexec
    |     return self._inner_hookexec(hook_name, methods, kwargs, firstresult)
    |            ^^^^^^^^^^^^^^^^^^^^^^^^^^^^^^^^^^^^^^^^^^^^^^^^^^^^^^^^^^^^^
    |   File "/opt/sora_earth/.venv/lib/python3.12/site-packages/pluggy/_callers.py", line 167, in _multicall
    |     raise exception
    |   File "/opt/sora_earth/.venv/lib/python3.12/site-packages/pluggy/_callers.py", line 139, in _multicall
    |     teardown.throw(exception)
    |   File "/opt/sora_earth/.venv/lib/python3.12/site-packages/_pytest/logging.py", line 850, in pytest_runtest_call
    |     yield
    |   File "/opt/sora_earth/.venv/lib/python3.12/site-packages/pluggy/_callers.py", line 139, in _multicall
    |     teardown.throw(exception)
    |   File "/opt/sora_earth/.venv/lib/python3.12/site-packages/_pytest/capture.py", line 900, in pytest_runtest_call
    |     return (yield)
    |             ^^^^^
    |   File "/opt/sora_earth/.venv/lib/python3.12/site-packages/pluggy/_callers.py", line 139, in _multicall
    |     teardown.throw(exception)
    |   File "/opt/sora_earth/.venv/lib/python3.12/site-packages/pluggy/_callers.py", line 53, in run_old_style_hookwrapper
    |     return result.get_result()
    |            ^^^^^^^^^^^^^^^^^^^
    |   File "/opt/sora_earth/.venv/lib/python3.12/site-packages/pluggy/_result.py", line 103, in get_result
    |     raise exc.with_traceback(tb)
    |   File "/opt/sora_earth/.venv/lib/python3.12/site-packages/pluggy/_callers.py", line 38, in run_old_style_hookwrapper
    |     res = yield
    |           ^^^^^
    |   File "/opt/sora_earth/.venv/lib/python3.12/site-packages/pluggy/_callers.py", line 139, in _multicall
    |     teardown.throw(exception)
    |   File "/opt/sora_earth/.venv/lib/python3.12/site-packages/_pytest/skipping.py", line 263, in pytest_runtest_call
    |     return (yield)
    |             ^^^^^
    |   File "/opt/sora_earth/.venv/lib/python3.12/site-packages/pluggy/_callers.py", line 121, in _multicall
    |     res = hook_impl.function(*args)
    |           ^^^^^^^^^^^^^^^^^^^^^^^^^
    |   File "/opt/sora_earth/.venv/lib/python3.12/site-packages/_pytest/runner.py", line 178, in pytest_runtest_call
    |     item.runtest()
    |   File "/opt/sora_earth/.venv/lib/python3.12/site-packages/_pytest/python.py", line 1671, in runtest
    |     self.ihook.pytest_pyfunc_call(pyfuncitem=self)
    |   File "/opt/sora_earth/.venv/lib/python3.12/site-packages/pluggy/_hooks.py", line 512, in __call__
    |     return self._hookexec(self.name, self._hookimpls.copy(), kwargs, firstresult)
    |            ^^^^^^^^^^^^^^^^^^^^^^^^^^^^^^^^^^^^^^^^^^^^^^^^^^^^^^^^^^^^^^^^^^^^^^
    |   File "/opt/sora_earth/.venv/lib/python3.12/site-packages/pluggy/_manager.py", line 120, in _hookexec
    |     return self._inner_hookexec(hook_name, methods, kwargs, firstresult)
    |            ^^^^^^^^^^^^^^^^^^^^^^^^^^^^^^^^^^^^^^^^^^^^^^^^^^^^^^^^^^^^^
    |   File "/opt/sora_earth/.venv/lib/python3.12/site-packages/pluggy/_callers.py", line 167, in _multicall
    |     raise exception
    |   File "/opt/sora_earth/.venv/lib/python3.12/site-packages/pluggy/_callers.py", line 121, in _multicall
    |     res = hook_impl.function(*args)
    |           ^^^^^^^^^^^^^^^^^^^^^^^^^
    |   File "/opt/sora_earth/.venv/lib/python3.12/site-packages/_pytest/python.py", line 157, in pytest_pyfunc_call
    |     result = testfunction(**testargs)
    |              ^^^^^^^^^^^^^^^^^^^^^^^^
    |   File "/opt/sora_earth/tests/test_api.py", line 52, in test_predict_compare
    |     r = client.post("/api/v1/predict/compare", json={"projects": [PROJECT]})
    |         ^^^^^^^^^^^^^^^^^^^^^^^^^^^^^^^^^^^^^^^^^^^^^^^^^^^^^^^^^^^^^^^^^^^^
    |   File "/opt/sora_earth/.venv/lib/python3.12/site-packages/starlette/testclient.py", line 552, in post
    |     return super().post(
    |            ^^^^^^^^^^^^^
    |   File "/opt/sora_earth/.venv/lib/python3.12/site-packages/httpx/_client.py", line 1157, in post
    |     return self.request(
    |            ^^^^^^^^^^^^^
    |   File "/opt/sora_earth/.venv/lib/python3.12/site-packages/starlette/testclient.py", line 451, in request
    |     return super().request(
    |            ^^^^^^^^^^^^^^^^
    |   File "/opt/sora_earth/.venv/lib/python3.12/site-packages/httpx/_client.py", line 837, in request
    |     return self.send(request, auth=auth, follow_redirects=follow_redirects)
    |            ^^^^^^^^^^^^^^^^^^^^^^^^^^^^^^^^^^^^^^^^^^^^^^^^^^^^^^^^^^^^^^^^
    |   File "/opt/sora_earth/.venv/lib/python3.12/site-packages/httpx/_client.py", line 926, in send
    |     response = self._send_handling_auth(
    |                ^^^^^^^^^^^^^^^^^^^^^^^^^
    |   File "/opt/sora_earth/.venv/lib/python3.12/site-packages/httpx/_client.py", line 954, in _send_handling_auth
    |     response = self._send_handling_redirects(
    |                ^^^^^^^^^^^^^^^^^^^^^^^^^^^^^^
    |   File "/opt/sora_earth/.venv/lib/python3.12/site-packages/httpx/_client.py", line 991, in _send_handling_redirects
    |     response = self._send_single_request(request)
    |                ^^^^^^^^^^^^^^^^^^^^^^^^^^^^^^^^^^
    |   File "/opt/sora_earth/.venv/lib/python3.12/site-packages/httpx/_client.py", line 1027, in _send_single_request
    |     response = transport.handle_request(request)
    |                ^^^^^^^^^^^^^^^^^^^^^^^^^^^^^^^^^
    |   File "/opt/sora_earth/.venv/lib/python3.12/site-packages/starlette/testclient.py", line 354, in handle_request
    |     raise exc
    |   File "/opt/sora_earth/.venv/lib/python3.12/site-packages/starlette/testclient.py", line 351, in handle_request
    |     portal.call(self.app, scope, receive, send)
    |   File "/opt/sora_earth/.venv/lib/python3.12/site-packages/anyio/from_thread.py", line 334, in call
    |     return cast(T_Retval, self.start_task_soon(func, *args).result())
    |                           ^^^^^^^^^^^^^^^^^^^^^^^^^^^^^^^^^^^^^^^^^^
    |   File "/usr/lib/python3.12/concurrent/futures/_base.py", line 456, in result
    |     return self.__get_result()
    |            ^^^^^^^^^^^^^^^^^^^
    |   File "/usr/lib/python3.12/concurrent/futures/_base.py", line 401, in __get_result
    |     raise self._exception
    |   File "/opt/sora_earth/.venv/lib/python3.12/site-packages/anyio/from_thread.py", line 259, in _call_func
    |     retval = await retval_or_awaitable
    |              ^^^^^^^^^^^^^^^^^^^^^^^^^
    |   File "/opt/sora_earth/.venv/lib/python3.12/site-packages/fastapi/applications.py", line 1138, in __call__
    |     await super().__call__(scope, receive, send)
    |   File "/opt/sora_earth/.venv/lib/python3.12/site-packages/starlette/applications.py", line 113, in __call__
    |     await self.middleware_stack(scope, receive, send)
    |   File "/opt/sora_earth/.venv/lib/python3.12/site-packages/starlette/middleware/errors.py", line 186, in __call__
    |     raise exc
    |   File "/opt/sora_earth/.venv/lib/python3.12/site-packages/starlette/middleware/errors.py", line 164, in __call__
    |     await self.app(scope, receive, _send)
    |   File "/opt/sora_earth/.venv/lib/python3.12/site-packages/prometheus_fastapi_instrumentator/middleware.py", line 177, in __call__
    |     raise exc
    |   File "/opt/sora_earth/.venv/lib/python3.12/site-packages/prometheus_fastapi_instrumentator/middleware.py", line 175, in __call__
    |     await self.app(scope, receive, send_wrapper)
    |   File "/opt/sora_earth/.venv/lib/python3.12/site-packages/starlette/middleware/base.py", line 191, in __call__
    |     with recv_stream, send_stream, collapse_excgroups():
    |   File "/usr/lib/python3.12/contextlib.py", line 158, in __exit__
    |     self.gen.throw(value)
    |   File "/opt/sora_earth/.venv/lib/python3.12/site-packages/starlette/_utils.py", line 85, in collapse_excgroups
    |     raise exc
    |   File "/opt/sora_earth/.venv/lib/python3.12/site-packages/starlette/middleware/base.py", line 193, in __call__
    |     response = await self.dispatch_func(request, call_next)
    |                ^^^^^^^^^^^^^^^^^^^^^^^^^^^^^^^^^^^^^^^^^^^^
    |   File "/opt/sora_earth/app/main.py", line 160, in v1_prefix_rewrite
    |     return await call_next(request)
    |            ^^^^^^^^^^^^^^^^^^^^^^^^
    |   File "/opt/sora_earth/.venv/lib/python3.12/site-packages/starlette/middleware/base.py", line 168, in call_next
    |     raise app_exc from app_exc.__cause__ or app_exc.__context__
    |   File "/opt/sora_earth/.venv/lib/python3.12/site-packages/starlette/middleware/base.py", line 144, in coro
    |     await self.app(scope, receive_or_disconnect, send_no_error)
    |   File "/opt/sora_earth/.venv/lib/python3.12/site-packages/starlette/middleware/base.py", line 191, in __call__
    |     with recv_stream, send_stream, collapse_excgroups():
    |   File "/usr/lib/python3.12/contextlib.py", line 158, in __exit__
    |     self.gen.throw(value)
    |   File "/opt/sora_earth/.venv/lib/python3.12/site-packages/starlette/_utils.py", line 85, in collapse_excgroups
    |     raise exc
    |   File "/opt/sora_earth/.venv/lib/python3.12/site-packages/starlette/middleware/base.py", line 193, in __call__
    |     response = await self.dispatch_func(request, call_next)
    |                ^^^^^^^^^^^^^^^^^^^^^^^^^^^^^^^^^^^^^^^^^^^^
    |   File "/opt/sora_earth/app/middleware.py", line 26, in dispatch
    |     response = await call_next(request)
    |                ^^^^^^^^^^^^^^^^^^^^^^^^
    |   File "/opt/sora_earth/.venv/lib/python3.12/site-packages/starlette/middleware/base.py", line 168, in call_next
    |     raise app_exc from app_exc.__cause__ or app_exc.__context__
    |   File "/opt/sora_earth/.venv/lib/python3.12/site-packages/starlette/middleware/base.py", line 144, in coro
    |     await self.app(scope, receive_or_disconnect, send_no_error)
    |   File "/opt/sora_earth/app/rate_limit.py", line 38, in __call__
    |     await self.app(scope, receive, send)
    |   File "/opt/sora_earth/.venv/lib/python3.12/site-packages/starlette/middleware/cors.py", line 85, in __call__
    |     await self.app(scope, receive, send)
    |   File "/opt/sora_earth/.venv/lib/python3.12/site-packages/starlette/middleware/exceptions.py", line 63, in __call__
    |     await wrap_app_handling_exceptions(self.app, conn)(scope, receive, send)
    |   File "/opt/sora_earth/.venv/lib/python3.12/site-packages/starlette/_exception_handler.py", line 53, in wrapped_app
    |     raise exc
    |   File "/opt/sora_earth/.venv/lib/python3.12/site-packages/starlette/_exception_handler.py", line 42, in wrapped_app
    |     await app(scope, receive, sender)
    |   File "/opt/sora_earth/.venv/lib/python3.12/site-packages/fastapi/middleware/asyncexitstack.py", line 18, in __call__
    |     await self.app(scope, receive, send)
    |   File "/opt/sora_earth/.venv/lib/python3.12/site-packages/starlette/routing.py", line 716, in __call__
    |     await self.middleware_stack(scope, receive, send)
    |   File "/opt/sora_earth/.venv/lib/python3.12/site-packages/starlette/routing.py", line 736, in app
    |     await route.handle(scope, receive, send)
    |   File "/opt/sora_earth/.venv/lib/python3.12/site-packages/starlette/routing.py", line 290, in handle
    |     await self.app(scope, receive, send)
    |   File "/opt/sora_earth/.venv/lib/python3.12/site-packages/fastapi/routing.py", line 121, in app
    |     await wrap_app_handling_exceptions(app, request)(scope, receive, send)
    |   File "/opt/sora_earth/.venv/lib/python3.12/site-packages/starlette/_exception_handler.py", line 53, in wrapped_app
    |     raise exc
    |   File "/opt/sora_earth/.venv/lib/python3.12/site-packages/starlette/_exception_handler.py", line 42, in wrapped_app
    |     await app(scope, receive, sender)
    |   File "/opt/sora_earth/.venv/lib/python3.12/site-packages/fastapi/routing.py", line 107, in app
    |     response = await f(request)
    |                ^^^^^^^^^^^^^^^^
    |   File "/opt/sora_earth/.venv/lib/python3.12/site-packages/fastapi/routing.py", line 426, in app
    |     raw_response = await run_endpoint_function(
    |                    ^^^^^^^^^^^^^^^^^^^^^^^^^^^^
    |   File "/opt/sora_earth/.venv/lib/python3.12/site-packages/fastapi/routing.py", line 316, in run_endpoint_function
    |     return await run_in_threadpool(dependant.call, **values)
    |            ^^^^^^^^^^^^^^^^^^^^^^^^^^^^^^^^^^^^^^^^^^^^^^^^^
    |   File "/opt/sora_earth/.venv/lib/python3.12/site-packages/starlette/concurrency.py", line 38, in run_in_threadpool
    |     return await anyio.to_thread.run_sync(func)
    |            ^^^^^^^^^^^^^^^^^^^^^^^^^^^^^^^^^^^^
    |   File "/opt/sora_earth/.venv/lib/python3.12/site-packages/anyio/to_thread.py", line 63, in run_sync
    |     return await get_async_backend().run_sync_in_worker_thread(
    |            ^^^^^^^^^^^^^^^^^^^^^^^^^^^^^^^^^^^^^^^^^^^^^^^^^^^^
    |   File "/opt/sora_earth/.venv/lib/python3.12/site-packages/anyio/_backends/_asyncio.py", line 2502, in run_sync_in_worker_thread
    |     return await future
    |            ^^^^^^^^^^^^
    |   File "/opt/sora_earth/.venv/lib/python3.12/site-packages/anyio/_backends/_asyncio.py", line 986, in run
    |     result = context.run(func, *args)
    |              ^^^^^^^^^^^^^^^^^^^^^^^^
    |   File "/opt/sora_earth/app/api/predict.py", line 171, in predict_compare
    |     nn_p = _nn_forward(m.nn_model, feats_9)
    |            ^^^^^^^^^^^^^^^^^^^^^^^^^^^^^^^^
    |   File "/opt/sora_earth/app/api/predict.py", line 38, in _nn_forward
    |     return float(nn_model(x).detach().numpy()[0][0])
    |                  ^^^^^^^^^^^
    |   File "/opt/sora_earth/.venv/lib/python3.12/site-packages/torch/nn/modules/module.py", line 1773, in _wrapped_call_impl
    |     return self._call_impl(*args, **kwargs)
    |            ^^^^^^^^^^^^^^^^^^^^^^^^^^^^^^^^
    |   File "/opt/sora_earth/.venv/lib/python3.12/site-packages/torch/nn/modules/module.py", line 1784, in _call_impl
    |     return forward_call(*args, **kwargs)
    |            ^^^^^^^^^^^^^^^^^^^^^^^^^^^^^
    |   File "/opt/sora_earth/app/main.py", line 216, in forward
    |     return self.net(x)
    |            ^^^^^^^^^^^
    |   File "/opt/sora_earth/.venv/lib/python3.12/site-packages/torch/nn/modules/module.py", line 1773, in _wrapped_call_impl
    |     return self._call_impl(*args, **kwargs)
    |            ^^^^^^^^^^^^^^^^^^^^^^^^^^^^^^^^
    |   File "/opt/sora_earth/.venv/lib/python3.12/site-packages/torch/nn/modules/module.py", line 1784, in _call_impl
    |     return forward_call(*args, **kwargs)
    |            ^^^^^^^^^^^^^^^^^^^^^^^^^^^^^
    |   File "/opt/sora_earth/.venv/lib/python3.12/site-packages/torch/nn/modules/container.py", line 244, in forward
    |     input = module(input)
    |             ^^^^^^^^^^^^^
    |   File "/opt/sora_earth/.venv/lib/python3.12/site-packages/torch/nn/modules/module.py", line 1773, in _wrapped_call_impl
    |     return self._call_impl(*args, **kwargs)
    |            ^^^^^^^^^^^^^^^^^^^^^^^^^^^^^^^^
    |   File "/opt/sora_earth/.venv/lib/python3.12/site-packages/torch/nn/modules/module.py", line 1784, in _call_impl
    |     return forward_call(*args, **kwargs)
    |            ^^^^^^^^^^^^^^^^^^^^^^^^^^^^^
    |   File "/opt/sora_earth/.venv/lib/python3.12/site-packages/torch/nn/modules/batchnorm.py", line 193, in forward
    |     return F.batch_norm(
    |            ^^^^^^^^^^^^^
    |   File "/opt/sora_earth/.venv/lib/python3.12/site-packages/torch/nn/functional.py", line 2815, in batch_norm
    |     _verify_batch_size(input.size())
    |   File "/opt/sora_earth/.venv/lib/python3.12/site-packages/torch/nn/functional.py", line 2781, in _verify_batch_size
    |     raise ValueError(
    | ValueError: Expected more than 1 value per channel when training, got input size torch.Size([1, 64])
    +------------------------------------

The above exception was the direct cause of the following exception:

Traceback (most recent call last):
  File "/opt/sora_earth/tests/test_api.py", line 52, in test_predict_compare
    r = client.post("/api/v1/predict/compare", json={"projects": [PROJECT]})
        ^^^^^^^^^^^^^^^^^^^^^^^^^^^^^^^^^^^^^^^^^^^^^^^^^^^^^^^^^^^^^^^^^^^^
  File "/opt/sora_earth/.venv/lib/python3.12/site-packages/starlette/testclient.py", line 552, in post
    return super().post(
           ^^^^^^^^^^^^^
  File "/opt/sora_earth/.venv/lib/python3.12/site-packages/httpx/_client.py", line 1157, in post
    return self.request(
           ^^^^^^^^^^^^^
  File "/opt/sora_earth/.venv/lib/python3.12/site-packages/starlette/testclient.py", line 451, in request
    return super().request(
           ^^^^^^^^^^^^^^^^
  File "/opt/sora_earth/.venv/lib/python3.12/site-packages/httpx/_client.py", line 837, in request
    return self.send(request, auth=auth, follow_redirects=follow_redirects)
           ^^^^^^^^^^^^^^^^^^^^^^^^^^^^^^^^^^^^^^^^^^^^^^^^^^^^^^^^^^^^^^^^
  File "/opt/sora_earth/.venv/lib/python3.12/site-packages/httpx/_client.py", line 926, in send
    response = self._send_handling_auth(
               ^^^^^^^^^^^^^^^^^^^^^^^^^
  File "/opt/sora_earth/.venv/lib/python3.12/site-packages/httpx/_client.py", line 954, in _send_handling_auth
    response = self._send_handling_redirects(
               ^^^^^^^^^^^^^^^^^^^^^^^^^^^^^^
  File "/opt/sora_earth/.venv/lib/python3.12/site-packages/httpx/_client.py", line 991, in _send_handling_redirects
    response = self._send_single_request(request)
               ^^^^^^^^^^^^^^^^^^^^^^^^^^^^^^^^^^
  File "/opt/sora_earth/.venv/lib/python3.12/site-packages/httpx/_client.py", line 1027, in _send_single_request
    response = transport.handle_request(request)
               ^^^^^^^^^^^^^^^^^^^^^^^^^^^^^^^^^
  File "/opt/sora_earth/.venv/lib/python3.12/site-packages/starlette/testclient.py", line 354, in handle_request
    raise exc
  File "/opt/sora_earth/.venv/lib/python3.12/site-packages/starlette/testclient.py", line 351, in handle_request
    portal.call(self.app, scope, receive, send)
  File "/opt/sora_earth/.venv/lib/python3.12/site-packages/anyio/from_thread.py", line 334, in call
    return cast(T_Retval, self.start_task_soon(func, *args).result())
                          ^^^^^^^^^^^^^^^^^^^^^^^^^^^^^^^^^^^^^^^^^^
  File "/usr/lib/python3.12/concurrent/futures/_base.py", line 456, in result
    return self.__get_result()
           ^^^^^^^^^^^^^^^^^^^
  File "/usr/lib/python3.12/concurrent/futures/_base.py", line 401, in __get_result
    raise self._exception
  File "/opt/sora_earth/.venv/lib/python3.12/site-packages/anyio/from_thread.py", line 259, in _call_func
    retval = await retval_or_awaitable
             ^^^^^^^^^^^^^^^^^^^^^^^^^
  File "/opt/sora_earth/.venv/lib/python3.12/site-packages/fastapi/applications.py", line 1138, in __call__
    await super().__call__(scope, receive, send)
  File "/opt/sora_earth/.venv/lib/python3.12/site-packages/starlette/applications.py", line 113, in __call__
    await self.middleware_stack(scope, receive, send)
  File "/opt/sora_earth/.venv/lib/python3.12/site-packages/starlette/middleware/errors.py", line 186, in __call__
    raise exc
  File "/opt/sora_earth/.venv/lib/python3.12/site-packages/starlette/middleware/errors.py", line 164, in __call__
    await self.app(scope, receive, _send)
  File "/opt/sora_earth/.venv/lib/python3.12/site-packages/prometheus_fastapi_instrumentator/middleware.py", line 177, in __call__
    raise exc
  File "/opt/sora_earth/.venv/lib/python3.12/site-packages/prometheus_fastapi_instrumentator/middleware.py", line 175, in __call__
    await self.app(scope, receive, send_wrapper)
  File "/opt/sora_earth/.venv/lib/python3.12/site-packages/starlette/middleware/base.py", line 191, in __call__
    with recv_stream, send_stream, collapse_excgroups():
  File "/usr/lib/python3.12/contextlib.py", line 158, in __exit__
    self.gen.throw(value)
  File "/opt/sora_earth/.venv/lib/python3.12/site-packages/starlette/_utils.py", line 85, in collapse_excgroups
    raise exc
  File "/opt/sora_earth/.venv/lib/python3.12/site-packages/starlette/middleware/base.py", line 193, in __call__
    response = await self.dispatch_func(request, call_next)
               ^^^^^^^^^^^^^^^^^^^^^^^^^^^^^^^^^^^^^^^^^^^^
  File "/opt/sora_earth/app/main.py", line 160, in v1_prefix_rewrite
    return await call_next(request)
           ^^^^^^^^^^^^^^^^^^^^^^^^
  File "/opt/sora_earth/.venv/lib/python3.12/site-packages/starlette/middleware/base.py", line 168, in call_next
    raise app_exc from app_exc.__cause__ or app_exc.__context__
  File "/opt/sora_earth/.venv/lib/python3.12/site-packages/starlette/middleware/base.py", line 144, in coro
    await self.app(scope, receive_or_disconnect, send_no_error)
  File "/opt/sora_earth/.venv/lib/python3.12/site-packages/starlette/middleware/base.py", line 191, in __call__
    with recv_stream, send_stream, collapse_excgroups():
  File "/usr/lib/python3.12/contextlib.py", line 158, in __exit__
    self.gen.throw(value)
  File "/opt/sora_earth/.venv/lib/python3.12/site-packages/starlette/_utils.py", line 85, in collapse_excgroups
    raise exc
  File "/opt/sora_earth/.venv/lib/python3.12/site-packages/starlette/middleware/base.py", line 193, in __call__
    response = await self.dispatch_func(request, call_next)
               ^^^^^^^^^^^^^^^^^^^^^^^^^^^^^^^^^^^^^^^^^^^^
  File "/opt/sora_earth/app/middleware.py", line 26, in dispatch
    response = await call_next(request)
               ^^^^^^^^^^^^^^^^^^^^^^^^
  File "/opt/sora_earth/.venv/lib/python3.12/site-packages/starlette/middleware/base.py", line 168, in call_next
    raise app_exc from app_exc.__cause__ or app_exc.__context__
  File "/opt/sora_earth/.venv/lib/python3.12/site-packages/starlette/middleware/base.py", line 144, in coro
    await self.app(scope, receive_or_disconnect, send_no_error)
  File "/opt/sora_earth/app/rate_limit.py", line 38, in __call__
    await self.app(scope, receive, send)
  File "/opt/sora_earth/.venv/lib/python3.12/site-packages/starlette/middleware/cors.py", line 85, in __call__
    await self.app(scope, receive, send)
  File "/opt/sora_earth/.venv/lib/python3.12/site-packages/starlette/middleware/exceptions.py", line 63, in __call__
    await wrap_app_handling_exceptions(self.app, conn)(scope, receive, send)
  File "/opt/sora_earth/.venv/lib/python3.12/site-packages/starlette/_exception_handler.py", line 53, in wrapped_app
    raise exc
  File "/opt/sora_earth/.venv/lib/python3.12/site-packages/starlette/_exception_handler.py", line 42, in wrapped_app
    await app(scope, receive, sender)
  File "/opt/sora_earth/.venv/lib/python3.12/site-packages/fastapi/middleware/asyncexitstack.py", line 18, in __call__
    await self.app(scope, receive, send)
  File "/opt/sora_earth/.venv/lib/python3.12/site-packages/starlette/routing.py", line 716, in __call__
    await self.middleware_stack(scope, receive, send)
  File "/opt/sora_earth/.venv/lib/python3.12/site-packages/starlette/routing.py", line 736, in app
    await route.handle(scope, receive, send)
  File "/opt/sora_earth/.venv/lib/python3.12/site-packages/starlette/routing.py", line 290, in handle
    await self.app(scope, receive, send)
  File "/opt/sora_earth/.venv/lib/python3.12/site-packages/fastapi/routing.py", line 121, in app
    await wrap_app_handling_exceptions(app, request)(scope, receive, send)
  File "/opt/sora_earth/.venv/lib/python3.12/site-packages/starlette/_exception_handler.py", line 53, in wrapped_app
    raise exc
  File "/opt/sora_earth/.venv/lib/python3.12/site-packages/starlette/_exception_handler.py", line 42, in wrapped_app
    await app(scope, receive, sender)
  File "/opt/sora_earth/.venv/lib/python3.12/site-packages/fastapi/routing.py", line 107, in app
    response = await f(request)
               ^^^^^^^^^^^^^^^^
  File "/opt/sora_earth/.venv/lib/python3.12/site-packages/fastapi/routing.py", line 426, in app
    raw_response = await run_endpoint_function(
                   ^^^^^^^^^^^^^^^^^^^^^^^^^^^^
  File "/opt/sora_earth/.venv/lib/python3.12/site-packages/fastapi/routing.py", line 316, in run_endpoint_function
    return await run_in_threadpool(dependant.call, **values)
           ^^^^^^^^^^^^^^^^^^^^^^^^^^^^^^^^^^^^^^^^^^^^^^^^^
  File "/opt/sora_earth/.venv/lib/python3.12/site-packages/starlette/concurrency.py", line 38, in run_in_threadpool
    return await anyio.to_thread.run_sync(func)
           ^^^^^^^^^^^^^^^^^^^^^^^^^^^^^^^^^^^^
  File "/opt/sora_earth/.venv/lib/python3.12/site-packages/anyio/to_thread.py", line 63, in run_sync
    return await get_async_backend().run_sync_in_worker_thread(
           ^^^^^^^^^^^^^^^^^^^^^^^^^^^^^^^^^^^^^^^^^^^^^^^^^^^^
  File "/opt/sora_earth/.venv/lib/python3.12/site-packages/anyio/_backends/_asyncio.py", line 2502, in run_sync_in_worker_thread
    return await future
           ^^^^^^^^^^^^
  File "/opt/sora_earth/.venv/lib/python3.12/site-packages/anyio/_backends/_asyncio.py", line 986, in run
    result = context.run(func, *args)
             ^^^^^^^^^^^^^^^^^^^^^^^^
  File "/opt/sora_earth/app/api/predict.py", line 171, in predict_compare
    nn_p = _nn_forward(m.nn_model, feats_9)
           ^^^^^^^^^^^^^^^^^^^^^^^^^^^^^^^^
  File "/opt/sora_earth/app/api/predict.py", line 38, in _nn_forward
    return float(nn_model(x).detach().numpy()[0][0])
                 ^^^^^^^^^^^
  File "/opt/sora_earth/.venv/lib/python3.12/site-packages/torch/nn/modules/module.py", line 1773, in _wrapped_call_impl
    return self._call_impl(*args, **kwargs)
           ^^^^^^^^^^^^^^^^^^^^^^^^^^^^^^^^
  File "/opt/sora_earth/.venv/lib/python3.12/site-packages/torch/nn/modules/module.py", line 1784, in _call_impl
    return forward_call(*args, **kwargs)
           ^^^^^^^^^^^^^^^^^^^^^^^^^^^^^
  File "/opt/sora_earth/app/main.py", line 216, in forward
    return self.net(x)
           ^^^^^^^^^^^
  File "/opt/sora_earth/.venv/lib/python3.12/site-packages/torch/nn/modules/module.py", line 1773, in _wrapped_call_impl
    return self._call_impl(*args, **kwargs)
           ^^^^^^^^^^^^^^^^^^^^^^^^^^^^^^^^
  File "/opt/sora_earth/.venv/lib/python3.12/site-packages/torch/nn/modules/module.py", line 1784, in _call_impl
    return forward_call(*args, **kwargs)
           ^^^^^^^^^^^^^^^^^^^^^^^^^^^^^
  File "/opt/sora_earth/.venv/lib/python3.12/site-packages/torch/nn/modules/container.py", line 244, in forward
    input = module(input)
            ^^^^^^^^^^^^^
  File "/opt/sora_earth/.venv/lib/python3.12/site-packages/torch/nn/modules/module.py", line 1773, in _wrapped_call_impl
    return self._call_impl(*args, **kwargs)
           ^^^^^^^^^^^^^^^^^^^^^^^^^^^^^^^^
  File "/opt/sora_earth/.venv/lib/python3.12/site-packages/torch/nn/modules/module.py", line 1784, in _call_impl
    return forward_call(*args, **kwargs)
           ^^^^^^^^^^^^^^^^^^^^^^^^^^^^^
  File "/opt/sora_earth/.venv/lib/python3.12/site-packages/torch/nn/modules/batchnorm.py", line 193, in forward
    return F.batch_norm(
           ^^^^^^^^^^^^^
  File "/opt/sora_earth/.venv/lib/python3.12/site-packages/torch/nn/functional.py", line 2815, in batch_norm
    _verify_batch_size(input.size())
  File "/opt/sora_earth/.venv/lib/python3.12/site-packages/torch/nn/functional.py", line 2781, in _verify_batch_size
    raise ValueError(
ValueError: Expected more than 1 value per channel when training, got input size torch.Size([1, 64])

The above exception was the direct cause of the following exception:
tests/test_api.py:52: in test_predict_compare
    r = client.post("/api/v1/predict/compare", json={"projects": [PROJECT]})
        ^^^^^^^^^^^^^^^^^^^^^^^^^^^^^^^^^^^^^^^^^^^^^^^^^^^^^^^^^^^^^^^^^^^^
.venv/lib/python3.12/site-packages/starlette/testclient.py:552: in post
    return super().post(
.venv/lib/python3.12/site-packages/httpx/_client.py:1157: in post
    return self.request(
.venv/lib/python3.12/site-packages/starlette/testclient.py:451: in request
    return super().request(
.venv/lib/python3.12/site-packages/httpx/_client.py:837: in request
    return self.send(request, auth=auth, follow_redirects=follow_redirects)
           ^^^^^^^^^^^^^^^^^^^^^^^^^^^^^^^^^^^^^^^^^^^^^^^^^^^^^^^^^^^^^^^^
.venv/lib/python3.12/site-packages/httpx/_client.py:926: in send
    response = self._send_handling_auth(
.venv/lib/python3.12/site-packages/httpx/_client.py:954: in _send_handling_auth
    response = self._send_handling_redirects(
.venv/lib/python3.12/site-packages/httpx/_client.py:991: in _send_handling_redirects
    response = self._send_single_request(request)
               ^^^^^^^^^^^^^^^^^^^^^^^^^^^^^^^^^^
.venv/lib/python3.12/site-packages/httpx/_client.py:1027: in _send_single_request
    response = transport.handle_request(request)
               ^^^^^^^^^^^^^^^^^^^^^^^^^^^^^^^^^
.venv/lib/python3.12/site-packages/starlette/testclient.py:354: in handle_request
    raise exc
.venv/lib/python3.12/site-packages/starlette/testclient.py:351: in handle_request
    portal.call(self.app, scope, receive, send)
.venv/lib/python3.12/site-packages/anyio/from_thread.py:334: in call
    return cast(T_Retval, self.start_task_soon(func, *args).result())
                          ^^^^^^^^^^^^^^^^^^^^^^^^^^^^^^^^^^^^^^^^^^
/usr/lib/python3.12/concurrent/futures/_base.py:456: in result
    return self.__get_result()
           ^^^^^^^^^^^^^^^^^^^
/usr/lib/python3.12/concurrent/futures/_base.py:401: in __get_result
    raise self._exception
.venv/lib/python3.12/site-packages/anyio/from_thread.py:259: in _call_func
    retval = await retval_or_awaitable
             ^^^^^^^^^^^^^^^^^^^^^^^^^
.venv/lib/python3.12/site-packages/fastapi/applications.py:1138: in __call__
    await super().__call__(scope, receive, send)
.venv/lib/python3.12/site-packages/starlette/applications.py:113: in __call__
    await self.middleware_stack(scope, receive, send)
.venv/lib/python3.12/site-packages/starlette/middleware/errors.py:186: in __call__
    raise exc
.venv/lib/python3.12/site-packages/starlette/middleware/errors.py:164: in __call__
    await self.app(scope, receive, _send)
.venv/lib/python3.12/site-packages/prometheus_fastapi_instrumentator/middleware.py:177: in __call__
    raise exc
.venv/lib/python3.12/site-packages/prometheus_fastapi_instrumentator/middleware.py:175: in __call__
    await self.app(scope, receive, send_wrapper)
.venv/lib/python3.12/site-packages/starlette/middleware/base.py:191: in __call__
    with recv_stream, send_stream, collapse_excgroups():
/usr/lib/python3.12/contextlib.py:158: in __exit__
    self.gen.throw(value)
.venv/lib/python3.12/site-packages/starlette/_utils.py:85: in collapse_excgroups
    raise exc
.venv/lib/python3.12/site-packages/starlette/middleware/base.py:193: in __call__
    response = await self.dispatch_func(request, call_next)
               ^^^^^^^^^^^^^^^^^^^^^^^^^^^^^^^^^^^^^^^^^^^^
app/main.py:160: in v1_prefix_rewrite
    return await call_next(request)
           ^^^^^^^^^^^^^^^^^^^^^^^^
.venv/lib/python3.12/site-packages/starlette/middleware/base.py:168: in call_next
    raise app_exc from app_exc.__cause__ or app_exc.__context__
.venv/lib/python3.12/site-packages/starlette/middleware/base.py:144: in coro
    await self.app(scope, receive_or_disconnect, send_no_error)
.venv/lib/python3.12/site-packages/starlette/middleware/base.py:191: in __call__
    with recv_stream, send_stream, collapse_excgroups():
/usr/lib/python3.12/contextlib.py:158: in __exit__
    self.gen.throw(value)
.venv/lib/python3.12/site-packages/starlette/_utils.py:85: in collapse_excgroups
    raise exc
.venv/lib/python3.12/site-packages/starlette/middleware/base.py:193: in __call__
    response = await self.dispatch_func(request, call_next)
               ^^^^^^^^^^^^^^^^^^^^^^^^^^^^^^^^^^^^^^^^^^^^
app/middleware.py:26: in dispatch
    response = await call_next(request)
               ^^^^^^^^^^^^^^^^^^^^^^^^
.venv/lib/python3.12/site-packages/starlette/middleware/base.py:168: in call_next
    raise app_exc from app_exc.__cause__ or app_exc.__context__
.venv/lib/python3.12/site-packages/starlette/middleware/base.py:144: in coro
    await self.app(scope, receive_or_disconnect, send_no_error)
app/rate_limit.py:38: in __call__
    await self.app(scope, receive, send)
.venv/lib/python3.12/site-packages/starlette/middleware/cors.py:85: in __call__
    await self.app(scope, receive, send)
.venv/lib/python3.12/site-packages/starlette/middleware/exceptions.py:63: in __call__
    await wrap_app_handling_exceptions(self.app, conn)(scope, receive, send)
.venv/lib/python3.12/site-packages/starlette/_exception_handler.py:53: in wrapped_app
    raise exc
.venv/lib/python3.12/site-packages/starlette/_exception_handler.py:42: in wrapped_app
    await app(scope, receive, sender)
.venv/lib/python3.12/site-packages/fastapi/middleware/asyncexitstack.py:18: in __call__
    await self.app(scope, receive, send)
.venv/lib/python3.12/site-packages/starlette/routing.py:716: in __call__
    await self.middleware_stack(scope, receive, send)
.venv/lib/python3.12/site-packages/starlette/routing.py:736: in app
    await route.handle(scope, receive, send)
.venv/lib/python3.12/site-packages/starlette/routing.py:290: in handle
    await self.app(scope, receive, send)
.venv/lib/python3.12/site-packages/fastapi/routing.py:121: in app
    await wrap_app_handling_exceptions(app, request)(scope, receive, send)
.venv/lib/python3.12/site-packages/starlette/_exception_handler.py:53: in wrapped_app
    raise exc
.venv/lib/python3.12/site-packages/starlette/_exception_handler.py:42: in wrapped_app
    await app(scope, receive, sender)
.venv/lib/python3.12/site-packages/fastapi/routing.py:107: in app
    response = await f(request)
               ^^^^^^^^^^^^^^^^
.venv/lib/python3.12/site-packages/fastapi/routing.py:426: in app
    raw_response = await run_endpoint_function(
.venv/lib/python3.12/site-packages/fastapi/routing.py:316: in run_endpoint_function
    return await run_in_threadpool(dependant.call, **values)
           ^^^^^^^^^^^^^^^^^^^^^^^^^^^^^^^^^^^^^^^^^^^^^^^^^
.venv/lib/python3.12/site-packages/starlette/concurrency.py:38: in run_in_threadpool
    return await anyio.to_thread.run_sync(func)
           ^^^^^^^^^^^^^^^^^^^^^^^^^^^^^^^^^^^^
.venv/lib/python3.12/site-packages/anyio/to_thread.py:63: in run_sync
    return await get_async_backend().run_sync_in_worker_thread(
.venv/lib/python3.12/site-packages/anyio/_backends/_asyncio.py:2502: in run_sync_in_worker_thread
    return await future
           ^^^^^^^^^^^^
.venv/lib/python3.12/site-packages/anyio/_backends/_asyncio.py:986: in run
    result = context.run(func, *args)
             ^^^^^^^^^^^^^^^^^^^^^^^^
app/api/predict.py:171: in predict_compare
    nn_p = _nn_forward(m.nn_model, feats_9)
           ^^^^^^^^^^^^^^^^^^^^^^^^^^^^^^^^
app/api/predict.py:38: in _nn_forward
    return float(nn_model(x).detach().numpy()[0][0])
                 ^^^^^^^^^^^
.venv/lib/python3.12/site-packages/torch/nn/modules/module.py:1773: in _wrapped_call_impl
    return self._call_impl(*args, **kwargs)
           ^^^^^^^^^^^^^^^^^^^^^^^^^^^^^^^^
.venv/lib/python3.12/site-packages/torch/nn/modules/module.py:1784: in _call_impl
    return forward_call(*args, **kwargs)
           ^^^^^^^^^^^^^^^^^^^^^^^^^^^^^
app/main.py:216: in forward
    return self.net(x)
           ^^^^^^^^^^^
.venv/lib/python3.12/site-packages/torch/nn/modules/module.py:1773: in _wrapped_call_impl
    return self._call_impl(*args, **kwargs)
           ^^^^^^^^^^^^^^^^^^^^^^^^^^^^^^^^
.venv/lib/python3.12/site-packages/torch/nn/modules/module.py:1784: in _call_impl
    return forward_call(*args, **kwargs)
           ^^^^^^^^^^^^^^^^^^^^^^^^^^^^^
.venv/lib/python3.12/site-packages/torch/nn/modules/container.py:244: in forward
    input = module(input)
            ^^^^^^^^^^^^^
.venv/lib/python3.12/site-packages/torch/nn/modules/module.py:1773: in _wrapped_call_impl
    return self._call_impl(*args, **kwargs)
           ^^^^^^^^^^^^^^^^^^^^^^^^^^^^^^^^
.venv/lib/python3.12/site-packages/torch/nn/modules/module.py:1784: in _call_impl
    return forward_call(*args, **kwargs)
           ^^^^^^^^^^^^^^^^^^^^^^^^^^^^^
.venv/lib/python3.12/site-packages/torch/nn/modules/batchnorm.py:193: in forward
    return F.batch_norm(
.venv/lib/python3.12/site-packages/torch/nn/functional.py:2815: in batch_norm
    _verify_batch_size(input.size())
.venv/lib/python3.12/site-packages/torch/nn/functional.py:2781: in _verify_batch_size
    raise ValueError(
E   ValueError: Expected more than 1 value per channel when training, got input size torch.Size([1, 64])
_____________________________ test_predict_neural ______________________________
  + Exception Group Traceback (most recent call last):
  |   File "/opt/sora_earth/.venv/lib/python3.12/site-packages/starlette/_utils.py", line 79, in collapse_excgroups
  |     yield
  |   File "/opt/sora_earth/.venv/lib/python3.12/site-packages/starlette/middleware/base.py", line 192, in __call__
  |     async with anyio.create_task_group() as task_group:
  |   File "/opt/sora_earth/.venv/lib/python3.12/site-packages/anyio/_backends/_asyncio.py", line 783, in __aexit__
  |     raise BaseExceptionGroup(
  | ExceptionGroup: unhandled errors in a TaskGroup (1 sub-exception)
  +-+---------------- 1 ----------------
    | Traceback (most recent call last):
    |   File "/opt/sora_earth/.venv/lib/python3.12/site-packages/_pytest/runner.py", line 344, in from_call
    |     result: TResult | None = func()
    |                              ^^^^^^
    |   File "/opt/sora_earth/.venv/lib/python3.12/site-packages/_pytest/runner.py", line 246, in <lambda>
    |     lambda: runtest_hook(item=item, **kwds), when=when, reraise=reraise
    |             ^^^^^^^^^^^^^^^^^^^^^^^^^^^^^^^
    |   File "/opt/sora_earth/.venv/lib/python3.12/site-packages/pluggy/_hooks.py", line 512, in __call__
    |     return self._hookexec(self.name, self._hookimpls.copy(), kwargs, firstresult)
    |            ^^^^^^^^^^^^^^^^^^^^^^^^^^^^^^^^^^^^^^^^^^^^^^^^^^^^^^^^^^^^^^^^^^^^^^
    |   File "/opt/sora_earth/.venv/lib/python3.12/site-packages/pluggy/_manager.py", line 120, in _hookexec
    |     return self._inner_hookexec(hook_name, methods, kwargs, firstresult)
    |            ^^^^^^^^^^^^^^^^^^^^^^^^^^^^^^^^^^^^^^^^^^^^^^^^^^^^^^^^^^^^^
    |   File "/opt/sora_earth/.venv/lib/python3.12/site-packages/pluggy/_callers.py", line 167, in _multicall
    |     raise exception
    |   File "/opt/sora_earth/.venv/lib/python3.12/site-packages/pluggy/_callers.py", line 139, in _multicall
    |     teardown.throw(exception)
    |   File "/opt/sora_earth/.venv/lib/python3.12/site-packages/_pytest/logging.py", line 850, in pytest_runtest_call
    |     yield
    |   File "/opt/sora_earth/.venv/lib/python3.12/site-packages/pluggy/_callers.py", line 139, in _multicall
    |     teardown.throw(exception)
    |   File "/opt/sora_earth/.venv/lib/python3.12/site-packages/_pytest/capture.py", line 900, in pytest_runtest_call
    |     return (yield)
    |             ^^^^^
    |   File "/opt/sora_earth/.venv/lib/python3.12/site-packages/pluggy/_callers.py", line 139, in _multicall
    |     teardown.throw(exception)
    |   File "/opt/sora_earth/.venv/lib/python3.12/site-packages/pluggy/_callers.py", line 53, in run_old_style_hookwrapper
    |     return result.get_result()
    |            ^^^^^^^^^^^^^^^^^^^
    |   File "/opt/sora_earth/.venv/lib/python3.12/site-packages/pluggy/_result.py", line 103, in get_result
    |     raise exc.with_traceback(tb)
    |   File "/opt/sora_earth/.venv/lib/python3.12/site-packages/pluggy/_callers.py", line 38, in run_old_style_hookwrapper
    |     res = yield
    |           ^^^^^
    |   File "/opt/sora_earth/.venv/lib/python3.12/site-packages/pluggy/_callers.py", line 139, in _multicall
    |     teardown.throw(exception)
    |   File "/opt/sora_earth/.venv/lib/python3.12/site-packages/_pytest/skipping.py", line 263, in pytest_runtest_call
    |     return (yield)
    |             ^^^^^
    |   File "/opt/sora_earth/.venv/lib/python3.12/site-packages/pluggy/_callers.py", line 121, in _multicall
    |     res = hook_impl.function(*args)
    |           ^^^^^^^^^^^^^^^^^^^^^^^^^
    |   File "/opt/sora_earth/.venv/lib/python3.12/site-packages/_pytest/runner.py", line 178, in pytest_runtest_call
    |     item.runtest()
    |   File "/opt/sora_earth/.venv/lib/python3.12/site-packages/_pytest/python.py", line 1671, in runtest
    |     self.ihook.pytest_pyfunc_call(pyfuncitem=self)
    |   File "/opt/sora_earth/.venv/lib/python3.12/site-packages/pluggy/_hooks.py", line 512, in __call__
    |     return self._hookexec(self.name, self._hookimpls.copy(), kwargs, firstresult)
    |            ^^^^^^^^^^^^^^^^^^^^^^^^^^^^^^^^^^^^^^^^^^^^^^^^^^^^^^^^^^^^^^^^^^^^^^
    |   File "/opt/sora_earth/.venv/lib/python3.12/site-packages/pluggy/_manager.py", line 120, in _hookexec
    |     return self._inner_hookexec(hook_name, methods, kwargs, firstresult)
    |            ^^^^^^^^^^^^^^^^^^^^^^^^^^^^^^^^^^^^^^^^^^^^^^^^^^^^^^^^^^^^^
    |   File "/opt/sora_earth/.venv/lib/python3.12/site-packages/pluggy/_callers.py", line 167, in _multicall
    |     raise exception
    |   File "/opt/sora_earth/.venv/lib/python3.12/site-packages/pluggy/_callers.py", line 121, in _multicall
    |     res = hook_impl.function(*args)
    |           ^^^^^^^^^^^^^^^^^^^^^^^^^
    |   File "/opt/sora_earth/.venv/lib/python3.12/site-packages/_pytest/python.py", line 157, in pytest_pyfunc_call
    |     result = testfunction(**testargs)
    |              ^^^^^^^^^^^^^^^^^^^^^^^^
    |   File "/opt/sora_earth/tests/test_api.py", line 59, in test_predict_neural
    |     r = client.post("/api/v1/predict/neural", json=PROJECT)
    |         ^^^^^^^^^^^^^^^^^^^^^^^^^^^^^^^^^^^^^^^^^^^^^^^^^^^
    |   File "/opt/sora_earth/.venv/lib/python3.12/site-packages/starlette/testclient.py", line 552, in post
    |     return super().post(
    |            ^^^^^^^^^^^^^
    |   File "/opt/sora_earth/.venv/lib/python3.12/site-packages/httpx/_client.py", line 1157, in post
    |     return self.request(
    |            ^^^^^^^^^^^^^
    |   File "/opt/sora_earth/.venv/lib/python3.12/site-packages/starlette/testclient.py", line 451, in request
    |     return super().request(
    |            ^^^^^^^^^^^^^^^^
    |   File "/opt/sora_earth/.venv/lib/python3.12/site-packages/httpx/_client.py", line 837, in request
    |     return self.send(request, auth=auth, follow_redirects=follow_redirects)
    |            ^^^^^^^^^^^^^^^^^^^^^^^^^^^^^^^^^^^^^^^^^^^^^^^^^^^^^^^^^^^^^^^^
    |   File "/opt/sora_earth/.venv/lib/python3.12/site-packages/httpx/_client.py", line 926, in send
    |     response = self._send_handling_auth(
    |                ^^^^^^^^^^^^^^^^^^^^^^^^^
    |   File "/opt/sora_earth/.venv/lib/python3.12/site-packages/httpx/_client.py", line 954, in _send_handling_auth
    |     response = self._send_handling_redirects(
    |                ^^^^^^^^^^^^^^^^^^^^^^^^^^^^^^
    |   File "/opt/sora_earth/.venv/lib/python3.12/site-packages/httpx/_client.py", line 991, in _send_handling_redirects
    |     response = self._send_single_request(request)
    |                ^^^^^^^^^^^^^^^^^^^^^^^^^^^^^^^^^^
    |   File "/opt/sora_earth/.venv/lib/python3.12/site-packages/httpx/_client.py", line 1027, in _send_single_request
    |     response = transport.handle_request(request)
    |                ^^^^^^^^^^^^^^^^^^^^^^^^^^^^^^^^^
    |   File "/opt/sora_earth/.venv/lib/python3.12/site-packages/starlette/testclient.py", line 354, in handle_request
    |     raise exc
    |   File "/opt/sora_earth/.venv/lib/python3.12/site-packages/starlette/testclient.py", line 351, in handle_request
    |     portal.call(self.app, scope, receive, send)
    |   File "/opt/sora_earth/.venv/lib/python3.12/site-packages/anyio/from_thread.py", line 334, in call
    |     return cast(T_Retval, self.start_task_soon(func, *args).result())
    |                           ^^^^^^^^^^^^^^^^^^^^^^^^^^^^^^^^^^^^^^^^^^
    |   File "/usr/lib/python3.12/concurrent/futures/_base.py", line 456, in result
    |     return self.__get_result()
    |            ^^^^^^^^^^^^^^^^^^^
    |   File "/usr/lib/python3.12/concurrent/futures/_base.py", line 401, in __get_result
    |     raise self._exception
    |   File "/opt/sora_earth/.venv/lib/python3.12/site-packages/anyio/from_thread.py", line 259, in _call_func
    |     retval = await retval_or_awaitable
    |              ^^^^^^^^^^^^^^^^^^^^^^^^^
    |   File "/opt/sora_earth/.venv/lib/python3.12/site-packages/fastapi/applications.py", line 1138, in __call__
    |     await super().__call__(scope, receive, send)
    |   File "/opt/sora_earth/.venv/lib/python3.12/site-packages/starlette/applications.py", line 113, in __call__
    |     await self.middleware_stack(scope, receive, send)
    |   File "/opt/sora_earth/.venv/lib/python3.12/site-packages/starlette/middleware/errors.py", line 186, in __call__
    |     raise exc
    |   File "/opt/sora_earth/.venv/lib/python3.12/site-packages/starlette/middleware/errors.py", line 164, in __call__
    |     await self.app(scope, receive, _send)
    |   File "/opt/sora_earth/.venv/lib/python3.12/site-packages/prometheus_fastapi_instrumentator/middleware.py", line 177, in __call__
    |     raise exc
    |   File "/opt/sora_earth/.venv/lib/python3.12/site-packages/prometheus_fastapi_instrumentator/middleware.py", line 175, in __call__
    |     await self.app(scope, receive, send_wrapper)
    |   File "/opt/sora_earth/.venv/lib/python3.12/site-packages/starlette/middleware/base.py", line 191, in __call__
    |     with recv_stream, send_stream, collapse_excgroups():
    |   File "/usr/lib/python3.12/contextlib.py", line 158, in __exit__
    |     self.gen.throw(value)
    |   File "/opt/sora_earth/.venv/lib/python3.12/site-packages/starlette/_utils.py", line 85, in collapse_excgroups
    |     raise exc
    |   File "/opt/sora_earth/.venv/lib/python3.12/site-packages/starlette/middleware/base.py", line 193, in __call__
    |     response = await self.dispatch_func(request, call_next)
    |                ^^^^^^^^^^^^^^^^^^^^^^^^^^^^^^^^^^^^^^^^^^^^
    |   File "/opt/sora_earth/app/main.py", line 160, in v1_prefix_rewrite
    |     return await call_next(request)
    |            ^^^^^^^^^^^^^^^^^^^^^^^^
    |   File "/opt/sora_earth/.venv/lib/python3.12/site-packages/starlette/middleware/base.py", line 168, in call_next
    |     raise app_exc from app_exc.__cause__ or app_exc.__context__
    |   File "/opt/sora_earth/.venv/lib/python3.12/site-packages/starlette/middleware/base.py", line 144, in coro
    |     await self.app(scope, receive_or_disconnect, send_no_error)
    |   File "/opt/sora_earth/.venv/lib/python3.12/site-packages/starlette/middleware/base.py", line 191, in __call__
    |     with recv_stream, send_stream, collapse_excgroups():
    |   File "/usr/lib/python3.12/contextlib.py", line 158, in __exit__
    |     self.gen.throw(value)
    |   File "/opt/sora_earth/.venv/lib/python3.12/site-packages/starlette/_utils.py", line 85, in collapse_excgroups
    |     raise exc
    |   File "/opt/sora_earth/.venv/lib/python3.12/site-packages/starlette/middleware/base.py", line 193, in __call__
    |     response = await self.dispatch_func(request, call_next)
    |                ^^^^^^^^^^^^^^^^^^^^^^^^^^^^^^^^^^^^^^^^^^^^
    |   File "/opt/sora_earth/app/middleware.py", line 26, in dispatch
    |     response = await call_next(request)
    |                ^^^^^^^^^^^^^^^^^^^^^^^^
    |   File "/opt/sora_earth/.venv/lib/python3.12/site-packages/starlette/middleware/base.py", line 168, in call_next
    |     raise app_exc from app_exc.__cause__ or app_exc.__context__
    |   File "/opt/sora_earth/.venv/lib/python3.12/site-packages/starlette/middleware/base.py", line 144, in coro
    |     await self.app(scope, receive_or_disconnect, send_no_error)
    |   File "/opt/sora_earth/app/rate_limit.py", line 38, in __call__
    |     await self.app(scope, receive, send)
    |   File "/opt/sora_earth/.venv/lib/python3.12/site-packages/starlette/middleware/cors.py", line 85, in __call__
    |     await self.app(scope, receive, send)
    |   File "/opt/sora_earth/.venv/lib/python3.12/site-packages/starlette/middleware/exceptions.py", line 63, in __call__
    |     await wrap_app_handling_exceptions(self.app, conn)(scope, receive, send)
    |   File "/opt/sora_earth/.venv/lib/python3.12/site-packages/starlette/_exception_handler.py", line 53, in wrapped_app
    |     raise exc
    |   File "/opt/sora_earth/.venv/lib/python3.12/site-packages/starlette/_exception_handler.py", line 42, in wrapped_app
    |     await app(scope, receive, sender)
    |   File "/opt/sora_earth/.venv/lib/python3.12/site-packages/fastapi/middleware/asyncexitstack.py", line 18, in __call__
    |     await self.app(scope, receive, send)
    |   File "/opt/sora_earth/.venv/lib/python3.12/site-packages/starlette/routing.py", line 716, in __call__
    |     await self.middleware_stack(scope, receive, send)
    |   File "/opt/sora_earth/.venv/lib/python3.12/site-packages/starlette/routing.py", line 736, in app
    |     await route.handle(scope, receive, send)
    |   File "/opt/sora_earth/.venv/lib/python3.12/site-packages/starlette/routing.py", line 290, in handle
    |     await self.app(scope, receive, send)
    |   File "/opt/sora_earth/.venv/lib/python3.12/site-packages/fastapi/routing.py", line 121, in app
    |     await wrap_app_handling_exceptions(app, request)(scope, receive, send)
    |   File "/opt/sora_earth/.venv/lib/python3.12/site-packages/starlette/_exception_handler.py", line 53, in wrapped_app
    |     raise exc
    |   File "/opt/sora_earth/.venv/lib/python3.12/site-packages/starlette/_exception_handler.py", line 42, in wrapped_app
    |     await app(scope, receive, sender)
    |   File "/opt/sora_earth/.venv/lib/python3.12/site-packages/fastapi/routing.py", line 107, in app
    |     response = await f(request)
    |                ^^^^^^^^^^^^^^^^
    |   File "/opt/sora_earth/.venv/lib/python3.12/site-packages/fastapi/routing.py", line 426, in app
    |     raw_response = await run_endpoint_function(
    |                    ^^^^^^^^^^^^^^^^^^^^^^^^^^^^
    |   File "/opt/sora_earth/.venv/lib/python3.12/site-packages/fastapi/routing.py", line 316, in run_endpoint_function
    |     return await run_in_threadpool(dependant.call, **values)
    |            ^^^^^^^^^^^^^^^^^^^^^^^^^^^^^^^^^^^^^^^^^^^^^^^^^
    |   File "/opt/sora_earth/.venv/lib/python3.12/site-packages/starlette/concurrency.py", line 38, in run_in_threadpool
    |     return await anyio.to_thread.run_sync(func)
    |            ^^^^^^^^^^^^^^^^^^^^^^^^^^^^^^^^^^^^
    |   File "/opt/sora_earth/.venv/lib/python3.12/site-packages/anyio/to_thread.py", line 63, in run_sync
    |     return await get_async_backend().run_sync_in_worker_thread(
    |            ^^^^^^^^^^^^^^^^^^^^^^^^^^^^^^^^^^^^^^^^^^^^^^^^^^^^
    |   File "/opt/sora_earth/.venv/lib/python3.12/site-packages/anyio/_backends/_asyncio.py", line 2502, in run_sync_in_worker_thread
    |     return await future
    |            ^^^^^^^^^^^^
    |   File "/opt/sora_earth/.venv/lib/python3.12/site-packages/anyio/_backends/_asyncio.py", line 986, in run
    |     result = context.run(func, *args)
    |              ^^^^^^^^^^^^^^^^^^^^^^^^
    |   File "/opt/sora_earth/app/api/predict.py", line 98, in predict_neural
    |     p = _nn_forward(nn_model, feats)
    |         ^^^^^^^^^^^^^^^^^^^^^^^^^^^^
    |   File "/opt/sora_earth/app/api/predict.py", line 38, in _nn_forward
    |     return float(nn_model(x).detach().numpy()[0][0])
    |                  ^^^^^^^^^^^
    |   File "/opt/sora_earth/.venv/lib/python3.12/site-packages/torch/nn/modules/module.py", line 1773, in _wrapped_call_impl
    |     return self._call_impl(*args, **kwargs)
    |            ^^^^^^^^^^^^^^^^^^^^^^^^^^^^^^^^
    |   File "/opt/sora_earth/.venv/lib/python3.12/site-packages/torch/nn/modules/module.py", line 1784, in _call_impl
    |     return forward_call(*args, **kwargs)
    |            ^^^^^^^^^^^^^^^^^^^^^^^^^^^^^
    |   File "/opt/sora_earth/app/main.py", line 216, in forward
    |     return self.net(x)
    |            ^^^^^^^^^^^
    |   File "/opt/sora_earth/.venv/lib/python3.12/site-packages/torch/nn/modules/module.py", line 1773, in _wrapped_call_impl
    |     return self._call_impl(*args, **kwargs)
    |            ^^^^^^^^^^^^^^^^^^^^^^^^^^^^^^^^
    |   File "/opt/sora_earth/.venv/lib/python3.12/site-packages/torch/nn/modules/module.py", line 1784, in _call_impl
    |     return forward_call(*args, **kwargs)
    |            ^^^^^^^^^^^^^^^^^^^^^^^^^^^^^
    |   File "/opt/sora_earth/.venv/lib/python3.12/site-packages/torch/nn/modules/container.py", line 244, in forward
    |     input = module(input)
    |             ^^^^^^^^^^^^^
    |   File "/opt/sora_earth/.venv/lib/python3.12/site-packages/torch/nn/modules/module.py", line 1773, in _wrapped_call_impl
    |     return self._call_impl(*args, **kwargs)
    |            ^^^^^^^^^^^^^^^^^^^^^^^^^^^^^^^^
    |   File "/opt/sora_earth/.venv/lib/python3.12/site-packages/torch/nn/modules/module.py", line 1784, in _call_impl
    |     return forward_call(*args, **kwargs)
    |            ^^^^^^^^^^^^^^^^^^^^^^^^^^^^^
    |   File "/opt/sora_earth/.venv/lib/python3.12/site-packages/torch/nn/modules/batchnorm.py", line 193, in forward
    |     return F.batch_norm(
    |            ^^^^^^^^^^^^^
    |   File "/opt/sora_earth/.venv/lib/python3.12/site-packages/torch/nn/functional.py", line 2815, in batch_norm
    |     _verify_batch_size(input.size())
    |   File "/opt/sora_earth/.venv/lib/python3.12/site-packages/torch/nn/functional.py", line 2781, in _verify_batch_size
    |     raise ValueError(
    | ValueError: Expected more than 1 value per channel when training, got input size torch.Size([1, 64])
    +------------------------------------

The above exception was the direct cause of the following exception:

Traceback (most recent call last):
  File "/opt/sora_earth/tests/test_api.py", line 59, in test_predict_neural
    r = client.post("/api/v1/predict/neural", json=PROJECT)
        ^^^^^^^^^^^^^^^^^^^^^^^^^^^^^^^^^^^^^^^^^^^^^^^^^^^
  File "/opt/sora_earth/.venv/lib/python3.12/site-packages/starlette/testclient.py", line 552, in post
    return super().post(
           ^^^^^^^^^^^^^
  File "/opt/sora_earth/.venv/lib/python3.12/site-packages/httpx/_client.py", line 1157, in post
    return self.request(
           ^^^^^^^^^^^^^
  File "/opt/sora_earth/.venv/lib/python3.12/site-packages/starlette/testclient.py", line 451, in request
    return super().request(
           ^^^^^^^^^^^^^^^^
  File "/opt/sora_earth/.venv/lib/python3.12/site-packages/httpx/_client.py", line 837, in request
    return self.send(request, auth=auth, follow_redirects=follow_redirects)
           ^^^^^^^^^^^^^^^^^^^^^^^^^^^^^^^^^^^^^^^^^^^^^^^^^^^^^^^^^^^^^^^^
  File "/opt/sora_earth/.venv/lib/python3.12/site-packages/httpx/_client.py", line 926, in send
    response = self._send_handling_auth(
               ^^^^^^^^^^^^^^^^^^^^^^^^^
  File "/opt/sora_earth/.venv/lib/python3.12/site-packages/httpx/_client.py", line 954, in _send_handling_auth
    response = self._send_handling_redirects(
               ^^^^^^^^^^^^^^^^^^^^^^^^^^^^^^
  File "/opt/sora_earth/.venv/lib/python3.12/site-packages/httpx/_client.py", line 991, in _send_handling_redirects
    response = self._send_single_request(request)
               ^^^^^^^^^^^^^^^^^^^^^^^^^^^^^^^^^^
  File "/opt/sora_earth/.venv/lib/python3.12/site-packages/httpx/_client.py", line 1027, in _send_single_request
    response = transport.handle_request(request)
               ^^^^^^^^^^^^^^^^^^^^^^^^^^^^^^^^^
  File "/opt/sora_earth/.venv/lib/python3.12/site-packages/starlette/testclient.py", line 354, in handle_request
    raise exc
  File "/opt/sora_earth/.venv/lib/python3.12/site-packages/starlette/testclient.py", line 351, in handle_request
    portal.call(self.app, scope, receive, send)
  File "/opt/sora_earth/.venv/lib/python3.12/site-packages/anyio/from_thread.py", line 334, in call
    return cast(T_Retval, self.start_task_soon(func, *args).result())
                          ^^^^^^^^^^^^^^^^^^^^^^^^^^^^^^^^^^^^^^^^^^
  File "/usr/lib/python3.12/concurrent/futures/_base.py", line 456, in result
    return self.__get_result()
           ^^^^^^^^^^^^^^^^^^^
  File "/usr/lib/python3.12/concurrent/futures/_base.py", line 401, in __get_result
    raise self._exception
  File "/opt/sora_earth/.venv/lib/python3.12/site-packages/anyio/from_thread.py", line 259, in _call_func
    retval = await retval_or_awaitable
             ^^^^^^^^^^^^^^^^^^^^^^^^^
  File "/opt/sora_earth/.venv/lib/python3.12/site-packages/fastapi/applications.py", line 1138, in __call__
    await super().__call__(scope, receive, send)
  File "/opt/sora_earth/.venv/lib/python3.12/site-packages/starlette/applications.py", line 113, in __call__
    await self.middleware_stack(scope, receive, send)
  File "/opt/sora_earth/.venv/lib/python3.12/site-packages/starlette/middleware/errors.py", line 186, in __call__
    raise exc
  File "/opt/sora_earth/.venv/lib/python3.12/site-packages/starlette/middleware/errors.py", line 164, in __call__
    await self.app(scope, receive, _send)
  File "/opt/sora_earth/.venv/lib/python3.12/site-packages/prometheus_fastapi_instrumentator/middleware.py", line 177, in __call__
    raise exc
  File "/opt/sora_earth/.venv/lib/python3.12/site-packages/prometheus_fastapi_instrumentator/middleware.py", line 175, in __call__
    await self.app(scope, receive, send_wrapper)
  File "/opt/sora_earth/.venv/lib/python3.12/site-packages/starlette/middleware/base.py", line 191, in __call__
    with recv_stream, send_stream, collapse_excgroups():
  File "/usr/lib/python3.12/contextlib.py", line 158, in __exit__
    self.gen.throw(value)
  File "/opt/sora_earth/.venv/lib/python3.12/site-packages/starlette/_utils.py", line 85, in collapse_excgroups
    raise exc
  File "/opt/sora_earth/.venv/lib/python3.12/site-packages/starlette/middleware/base.py", line 193, in __call__
    response = await self.dispatch_func(request, call_next)
               ^^^^^^^^^^^^^^^^^^^^^^^^^^^^^^^^^^^^^^^^^^^^
  File "/opt/sora_earth/app/main.py", line 160, in v1_prefix_rewrite
    return await call_next(request)
           ^^^^^^^^^^^^^^^^^^^^^^^^
  File "/opt/sora_earth/.venv/lib/python3.12/site-packages/starlette/middleware/base.py", line 168, in call_next
    raise app_exc from app_exc.__cause__ or app_exc.__context__
  File "/opt/sora_earth/.venv/lib/python3.12/site-packages/starlette/middleware/base.py", line 144, in coro
    await self.app(scope, receive_or_disconnect, send_no_error)
  File "/opt/sora_earth/.venv/lib/python3.12/site-packages/starlette/middleware/base.py", line 191, in __call__
    with recv_stream, send_stream, collapse_excgroups():
  File "/usr/lib/python3.12/contextlib.py", line 158, in __exit__
    self.gen.throw(value)
  File "/opt/sora_earth/.venv/lib/python3.12/site-packages/starlette/_utils.py", line 85, in collapse_excgroups
    raise exc
  File "/opt/sora_earth/.venv/lib/python3.12/site-packages/starlette/middleware/base.py", line 193, in __call__
    response = await self.dispatch_func(request, call_next)
               ^^^^^^^^^^^^^^^^^^^^^^^^^^^^^^^^^^^^^^^^^^^^
  File "/opt/sora_earth/app/middleware.py", line 26, in dispatch
    response = await call_next(request)
               ^^^^^^^^^^^^^^^^^^^^^^^^
  File "/opt/sora_earth/.venv/lib/python3.12/site-packages/starlette/middleware/base.py", line 168, in call_next
    raise app_exc from app_exc.__cause__ or app_exc.__context__
  File "/opt/sora_earth/.venv/lib/python3.12/site-packages/starlette/middleware/base.py", line 144, in coro
    await self.app(scope, receive_or_disconnect, send_no_error)
  File "/opt/sora_earth/app/rate_limit.py", line 38, in __call__
    await self.app(scope, receive, send)
  File "/opt/sora_earth/.venv/lib/python3.12/site-packages/starlette/middleware/cors.py", line 85, in __call__
    await self.app(scope, receive, send)
  File "/opt/sora_earth/.venv/lib/python3.12/site-packages/starlette/middleware/exceptions.py", line 63, in __call__
    await wrap_app_handling_exceptions(self.app, conn)(scope, receive, send)
  File "/opt/sora_earth/.venv/lib/python3.12/site-packages/starlette/_exception_handler.py", line 53, in wrapped_app
    raise exc
  File "/opt/sora_earth/.venv/lib/python3.12/site-packages/starlette/_exception_handler.py", line 42, in wrapped_app
    await app(scope, receive, sender)
  File "/opt/sora_earth/.venv/lib/python3.12/site-packages/fastapi/middleware/asyncexitstack.py", line 18, in __call__
    await self.app(scope, receive, send)
  File "/opt/sora_earth/.venv/lib/python3.12/site-packages/starlette/routing.py", line 716, in __call__
    await self.middleware_stack(scope, receive, send)
  File "/opt/sora_earth/.venv/lib/python3.12/site-packages/starlette/routing.py", line 736, in app
    await route.handle(scope, receive, send)
  File "/opt/sora_earth/.venv/lib/python3.12/site-packages/starlette/routing.py", line 290, in handle
    await self.app(scope, receive, send)
  File "/opt/sora_earth/.venv/lib/python3.12/site-packages/fastapi/routing.py", line 121, in app
    await wrap_app_handling_exceptions(app, request)(scope, receive, send)
  File "/opt/sora_earth/.venv/lib/python3.12/site-packages/starlette/_exception_handler.py", line 53, in wrapped_app
    raise exc
  File "/opt/sora_earth/.venv/lib/python3.12/site-packages/starlette/_exception_handler.py", line 42, in wrapped_app
    await app(scope, receive, sender)
  File "/opt/sora_earth/.venv/lib/python3.12/site-packages/fastapi/routing.py", line 107, in app
    response = await f(request)
               ^^^^^^^^^^^^^^^^
  File "/opt/sora_earth/.venv/lib/python3.12/site-packages/fastapi/routing.py", line 426, in app
    raw_response = await run_endpoint_function(
                   ^^^^^^^^^^^^^^^^^^^^^^^^^^^^
  File "/opt/sora_earth/.venv/lib/python3.12/site-packages/fastapi/routing.py", line 316, in run_endpoint_function
    return await run_in_threadpool(dependant.call, **values)
           ^^^^^^^^^^^^^^^^^^^^^^^^^^^^^^^^^^^^^^^^^^^^^^^^^
  File "/opt/sora_earth/.venv/lib/python3.12/site-packages/starlette/concurrency.py", line 38, in run_in_threadpool
    return await anyio.to_thread.run_sync(func)
           ^^^^^^^^^^^^^^^^^^^^^^^^^^^^^^^^^^^^
  File "/opt/sora_earth/.venv/lib/python3.12/site-packages/anyio/to_thread.py", line 63, in run_sync
    return await get_async_backend().run_sync_in_worker_thread(
           ^^^^^^^^^^^^^^^^^^^^^^^^^^^^^^^^^^^^^^^^^^^^^^^^^^^^
  File "/opt/sora_earth/.venv/lib/python3.12/site-packages/anyio/_backends/_asyncio.py", line 2502, in run_sync_in_worker_thread
    return await future
           ^^^^^^^^^^^^
  File "/opt/sora_earth/.venv/lib/python3.12/site-packages/anyio/_backends/_asyncio.py", line 986, in run
    result = context.run(func, *args)
             ^^^^^^^^^^^^^^^^^^^^^^^^
  File "/opt/sora_earth/app/api/predict.py", line 98, in predict_neural
    p = _nn_forward(nn_model, feats)
        ^^^^^^^^^^^^^^^^^^^^^^^^^^^^
  File "/opt/sora_earth/app/api/predict.py", line 38, in _nn_forward
    return float(nn_model(x).detach().numpy()[0][0])
                 ^^^^^^^^^^^
  File "/opt/sora_earth/.venv/lib/python3.12/site-packages/torch/nn/modules/module.py", line 1773, in _wrapped_call_impl
    return self._call_impl(*args, **kwargs)
           ^^^^^^^^^^^^^^^^^^^^^^^^^^^^^^^^
  File "/opt/sora_earth/.venv/lib/python3.12/site-packages/torch/nn/modules/module.py", line 1784, in _call_impl
    return forward_call(*args, **kwargs)
           ^^^^^^^^^^^^^^^^^^^^^^^^^^^^^
  File "/opt/sora_earth/app/main.py", line 216, in forward
    return self.net(x)
           ^^^^^^^^^^^
  File "/opt/sora_earth/.venv/lib/python3.12/site-packages/torch/nn/modules/module.py", line 1773, in _wrapped_call_impl
    return self._call_impl(*args, **kwargs)
           ^^^^^^^^^^^^^^^^^^^^^^^^^^^^^^^^
  File "/opt/sora_earth/.venv/lib/python3.12/site-packages/torch/nn/modules/module.py", line 1784, in _call_impl
    return forward_call(*args, **kwargs)
           ^^^^^^^^^^^^^^^^^^^^^^^^^^^^^
  File "/opt/sora_earth/.venv/lib/python3.12/site-packages/torch/nn/modules/container.py", line 244, in forward
    input = module(input)
            ^^^^^^^^^^^^^
  File "/opt/sora_earth/.venv/lib/python3.12/site-packages/torch/nn/modules/module.py", line 1773, in _wrapped_call_impl
    return self._call_impl(*args, **kwargs)
           ^^^^^^^^^^^^^^^^^^^^^^^^^^^^^^^^
  File "/opt/sora_earth/.venv/lib/python3.12/site-packages/torch/nn/modules/module.py", line 1784, in _call_impl
    return forward_call(*args, **kwargs)
           ^^^^^^^^^^^^^^^^^^^^^^^^^^^^^
  File "/opt/sora_earth/.venv/lib/python3.12/site-packages/torch/nn/modules/batchnorm.py", line 193, in forward
    return F.batch_norm(
           ^^^^^^^^^^^^^
  File "/opt/sora_earth/.venv/lib/python3.12/site-packages/torch/nn/functional.py", line 2815, in batch_norm
    _verify_batch_size(input.size())
  File "/opt/sora_earth/.venv/lib/python3.12/site-packages/torch/nn/functional.py", line 2781, in _verify_batch_size
    raise ValueError(
ValueError: Expected more than 1 value per channel when training, got input size torch.Size([1, 64])

The above exception was the direct cause of the following exception:
tests/test_api.py:59: in test_predict_neural
    r = client.post("/api/v1/predict/neural", json=PROJECT)
        ^^^^^^^^^^^^^^^^^^^^^^^^^^^^^^^^^^^^^^^^^^^^^^^^^^^
.venv/lib/python3.12/site-packages/starlette/testclient.py:552: in post
    return super().post(
.venv/lib/python3.12/site-packages/httpx/_client.py:1157: in post
    return self.request(
.venv/lib/python3.12/site-packages/starlette/testclient.py:451: in request
    return super().request(
.venv/lib/python3.12/site-packages/httpx/_client.py:837: in request
    return self.send(request, auth=auth, follow_redirects=follow_redirects)
           ^^^^^^^^^^^^^^^^^^^^^^^^^^^^^^^^^^^^^^^^^^^^^^^^^^^^^^^^^^^^^^^^
.venv/lib/python3.12/site-packages/httpx/_client.py:926: in send
    response = self._send_handling_auth(
.venv/lib/python3.12/site-packages/httpx/_client.py:954: in _send_handling_auth
    response = self._send_handling_redirects(
.venv/lib/python3.12/site-packages/httpx/_client.py:991: in _send_handling_redirects
    response = self._send_single_request(request)
               ^^^^^^^^^^^^^^^^^^^^^^^^^^^^^^^^^^
.venv/lib/python3.12/site-packages/httpx/_client.py:1027: in _send_single_request
    response = transport.handle_request(request)
               ^^^^^^^^^^^^^^^^^^^^^^^^^^^^^^^^^
.venv/lib/python3.12/site-packages/starlette/testclient.py:354: in handle_request
    raise exc
.venv/lib/python3.12/site-packages/starlette/testclient.py:351: in handle_request
    portal.call(self.app, scope, receive, send)
.venv/lib/python3.12/site-packages/anyio/from_thread.py:334: in call
    return cast(T_Retval, self.start_task_soon(func, *args).result())
                          ^^^^^^^^^^^^^^^^^^^^^^^^^^^^^^^^^^^^^^^^^^
/usr/lib/python3.12/concurrent/futures/_base.py:456: in result
    return self.__get_result()
           ^^^^^^^^^^^^^^^^^^^
/usr/lib/python3.12/concurrent/futures/_base.py:401: in __get_result
    raise self._exception
.venv/lib/python3.12/site-packages/anyio/from_thread.py:259: in _call_func
    retval = await retval_or_awaitable
             ^^^^^^^^^^^^^^^^^^^^^^^^^
.venv/lib/python3.12/site-packages/fastapi/applications.py:1138: in __call__
    await super().__call__(scope, receive, send)
.venv/lib/python3.12/site-packages/starlette/applications.py:113: in __call__
    await self.middleware_stack(scope, receive, send)
.venv/lib/python3.12/site-packages/starlette/middleware/errors.py:186: in __call__
    raise exc
.venv/lib/python3.12/site-packages/starlette/middleware/errors.py:164: in __call__
    await self.app(scope, receive, _send)
.venv/lib/python3.12/site-packages/prometheus_fastapi_instrumentator/middleware.py:177: in __call__
    raise exc
.venv/lib/python3.12/site-packages/prometheus_fastapi_instrumentator/middleware.py:175: in __call__
    await self.app(scope, receive, send_wrapper)
.venv/lib/python3.12/site-packages/starlette/middleware/base.py:191: in __call__
    with recv_stream, send_stream, collapse_excgroups():
/usr/lib/python3.12/contextlib.py:158: in __exit__
    self.gen.throw(value)
.venv/lib/python3.12/site-packages/starlette/_utils.py:85: in collapse_excgroups
    raise exc
.venv/lib/python3.12/site-packages/starlette/middleware/base.py:193: in __call__
    response = await self.dispatch_func(request, call_next)
               ^^^^^^^^^^^^^^^^^^^^^^^^^^^^^^^^^^^^^^^^^^^^
app/main.py:160: in v1_prefix_rewrite
    return await call_next(request)
           ^^^^^^^^^^^^^^^^^^^^^^^^
.venv/lib/python3.12/site-packages/starlette/middleware/base.py:168: in call_next
    raise app_exc from app_exc.__cause__ or app_exc.__context__
.venv/lib/python3.12/site-packages/starlette/middleware/base.py:144: in coro
    await self.app(scope, receive_or_disconnect, send_no_error)
.venv/lib/python3.12/site-packages/starlette/middleware/base.py:191: in __call__
    with recv_stream, send_stream, collapse_excgroups():
/usr/lib/python3.12/contextlib.py:158: in __exit__
    self.gen.throw(value)
.venv/lib/python3.12/site-packages/starlette/_utils.py:85: in collapse_excgroups
    raise exc
.venv/lib/python3.12/site-packages/starlette/middleware/base.py:193: in __call__
    response = await self.dispatch_func(request, call_next)
               ^^^^^^^^^^^^^^^^^^^^^^^^^^^^^^^^^^^^^^^^^^^^
app/middleware.py:26: in dispatch
    response = await call_next(request)
               ^^^^^^^^^^^^^^^^^^^^^^^^
.venv/lib/python3.12/site-packages/starlette/middleware/base.py:168: in call_next
    raise app_exc from app_exc.__cause__ or app_exc.__context__
.venv/lib/python3.12/site-packages/starlette/middleware/base.py:144: in coro
    await self.app(scope, receive_or_disconnect, send_no_error)
app/rate_limit.py:38: in __call__
    await self.app(scope, receive, send)
.venv/lib/python3.12/site-packages/starlette/middleware/cors.py:85: in __call__
[...]
    response = self._send_single_request(request)
               ^^^^^^^^^^^^^^^^^^^^^^^^^^^^^^^^^^
.venv/lib/python3.12/site-packages/httpx/_client.py:1027: in _send_single_request
    response = transport.handle_request(request)
               ^^^^^^^^^^^^^^^^^^^^^^^^^^^^^^^^^
.venv/lib/python3.12/site-packages/starlette/testclient.py:354: in handle_request
    raise exc
.venv/lib/python3.12/site-packages/starlette/testclient.py:351: in handle_request
    portal.call(self.app, scope, receive, send)
.venv/lib/python3.12/site-packages/anyio/from_thread.py:334: in call
    return cast(T_Retval, self.start_task_soon(func, *args).result())
                          ^^^^^^^^^^^^^^^^^^^^^^^^^^^^^^^^^^^^^^^^^^
/usr/lib/python3.12/concurrent/futures/_base.py:456: in result
    return self.__get_result()
           ^^^^^^^^^^^^^^^^^^^
/usr/lib/python3.12/concurrent/futures/_base.py:401: in __get_result
    raise self._exception
.venv/lib/python3.12/site-packages/anyio/from_thread.py:259: in _call_func
    retval = await retval_or_awaitable
             ^^^^^^^^^^^^^^^^^^^^^^^^^
.venv/lib/python3.12/site-packages/fastapi/applications.py:1138: in __call__
    await super().__call__(scope, receive, send)
.venv/lib/python3.12/site-packages/starlette/applications.py:113: in __call__
    await self.middleware_stack(scope, receive, send)
.venv/lib/python3.12/site-packages/starlette/middleware/errors.py:186: in __call__
    raise exc
.venv/lib/python3.12/site-packages/starlette/middleware/errors.py:164: in __call__
    await self.app(scope, receive, _send)
.venv/lib/python3.12/site-packages/prometheus_fastapi_instrumentator/middleware.py:177: in __call__
    raise exc
.venv/lib/python3.12/site-packages/prometheus_fastapi_instrumentator/middleware.py:175: in __call__
    await self.app(scope, receive, send_wrapper)
.venv/lib/python3.12/site-packages/starlette/middleware/base.py:191: in __call__
    with recv_stream, send_stream, collapse_excgroups():
/usr/lib/python3.12/contextlib.py:158: in __exit__
    self.gen.throw(value)
.venv/lib/python3.12/site-packages/starlette/_utils.py:85: in collapse_excgroups
    raise exc
.venv/lib/python3.12/site-packages/starlette/middleware/base.py:193: in __call__
    response = await self.dispatch_func(request, call_next)
               ^^^^^^^^^^^^^^^^^^^^^^^^^^^^^^^^^^^^^^^^^^^^
app/main.py:160: in v1_prefix_rewrite
    return await call_next(request)
           ^^^^^^^^^^^^^^^^^^^^^^^^
.venv/lib/python3.12/site-packages/starlette/middleware/base.py:168: in call_next
    raise app_exc from app_exc.__cause__ or app_exc.__context__
.venv/lib/python3.12/site-packages/starlette/middleware/base.py:144: in coro
    await self.app(scope, receive_or_disconnect, send_no_error)
.venv/lib/python3.12/site-packages/starlette/middleware/base.py:191: in __call__
    with recv_stream, send_stream, collapse_excgroups():
/usr/lib/python3.12/contextlib.py:158: in __exit__
    self.gen.throw(value)
.venv/lib/python3.12/site-packages/starlette/_utils.py:85: in collapse_excgroups
    raise exc
.venv/lib/python3.12/site-packages/starlette/middleware/base.py:193: in __call__
    response = await self.dispatch_func(request, call_next)
               ^^^^^^^^^^^^^^^^^^^^^^^^^^^^^^^^^^^^^^^^^^^^
app/middleware.py:26: in dispatch
    response = await call_next(request)
               ^^^^^^^^^^^^^^^^^^^^^^^^
.venv/lib/python3.12/site-packages/starlette/middleware/base.py:168: in call_next
    raise app_exc from app_exc.__cause__ or app_exc.__context__
.venv/lib/python3.12/site-packages/starlette/middleware/base.py:144: in coro
    await self.app(scope, receive_or_disconnect, send_no_error)
app/rate_limit.py:38: in __call__
    await self.app(scope, receive, send)
.venv/lib/python3.12/site-packages/starlette/middleware/cors.py:85: in __call__
    await self.app(scope, receive, send)
.venv/lib/python3.12/site-packages/starlette/middleware/exceptions.py:63: in __call__
    await wrap_app_handling_exceptions(self.app, conn)(scope, receive, send)
.venv/lib/python3.12/site-packages/starlette/_exception_handler.py:53: in wrapped_app
    raise exc
.venv/lib/python3.12/site-packages/starlette/_exception_handler.py:42: in wrapped_app
    await app(scope, receive, sender)
.venv/lib/python3.12/site-packages/fastapi/middleware/asyncexitstack.py:18: in __call__
    await self.app(scope, receive, send)
.venv/lib/python3.12/site-packages/starlette/routing.py:716: in __call__
    await self.middleware_stack(scope, receive, send)
.venv/lib/python3.12/site-packages/starlette/routing.py:736: in app
    await route.handle(scope, receive, send)
.venv/lib/python3.12/site-packages/starlette/routing.py:290: in handle
    await self.app(scope, receive, send)
.venv/lib/python3.12/site-packages/fastapi/routing.py:121: in app
    await wrap_app_handling_exceptions(app, request)(scope, receive, send)
.venv/lib/python3.12/site-packages/starlette/_exception_handler.py:53: in wrapped_app
    raise exc
.venv/lib/python3.12/site-packages/starlette/_exception_handler.py:42: in wrapped_app
    await app(scope, receive, sender)
.venv/lib/python3.12/site-packages/fastapi/routing.py:107: in app
    response = await f(request)
               ^^^^^^^^^^^^^^^^
.venv/lib/python3.12/site-packages/fastapi/routing.py:426: in app
    raw_response = await run_endpoint_function(
.venv/lib/python3.12/site-packages/fastapi/routing.py:316: in run_endpoint_function
    return await run_in_threadpool(dependant.call, **values)
           ^^^^^^^^^^^^^^^^^^^^^^^^^^^^^^^^^^^^^^^^^^^^^^^^^
.venv/lib/python3.12/site-packages/starlette/concurrency.py:38: in run_in_threadpool
    return await anyio.to_thread.run_sync(func)
           ^^^^^^^^^^^^^^^^^^^^^^^^^^^^^^^^^^^^
.venv/lib/python3.12/site-packages/anyio/to_thread.py:63: in run_sync
    return await get_async_backend().run_sync_in_worker_thread(
.venv/lib/python3.12/site-packages/anyio/_backends/_asyncio.py:2502: in run_sync_in_worker_thread
    return await future
           ^^^^^^^^^^^^
.venv/lib/python3.12/site-packages/anyio/_backends/_asyncio.py:986: in run
    result = context.run(func, *args)
             ^^^^^^^^^^^^^^^^^^^^^^^^
app/api/predict.py:171: in predict_compare
    nn_p = _nn_forward(m.nn_model, feats_9)
           ^^^^^^^^^^^^^^^^^^^^^^^^^^^^^^^^
app/api/predict.py:38: in _nn_forward
    return float(nn_model(x).detach().numpy()[0][0])
                 ^^^^^^^^^^^
.venv/lib/python3.12/site-packages/torch/nn/modules/module.py:1773: in _wrapped_call_impl
    return self._call_impl(*args, **kwargs)
           ^^^^^^^^^^^^^^^^^^^^^^^^^^^^^^^^
.venv/lib/python3.12/site-packages/torch/nn/modules/module.py:1784: in _call_impl
    return forward_call(*args, **kwargs)
           ^^^^^^^^^^^^^^^^^^^^^^^^^^^^^
app/main.py:216: in forward
    return self.net(x)
           ^^^^^^^^^^^
.venv/lib/python3.12/site-packages/torch/nn/modules/module.py:1773: in _wrapped_call_impl
    return self._call_impl(*args, **kwargs)
           ^^^^^^^^^^^^^^^^^^^^^^^^^^^^^^^^
.venv/lib/python3.12/site-packages/torch/nn/modules/module.py:1784: in _call_impl
    return forward_call(*args, **kwargs)
           ^^^^^^^^^^^^^^^^^^^^^^^^^^^^^
.venv/lib/python3.12/site-packages/torch/nn/modules/container.py:244: in forward
    input = module(input)
            ^^^^^^^^^^^^^
.venv/lib/python3.12/site-packages/torch/nn/modules/module.py:1773: in _wrapped_call_impl
    return self._call_impl(*args, **kwargs)
           ^^^^^^^^^^^^^^^^^^^^^^^^^^^^^^^^
.venv/lib/python3.12/site-packages/torch/nn/modules/module.py:1784: in _call_impl
    return forward_call(*args, **kwargs)
           ^^^^^^^^^^^^^^^^^^^^^^^^^^^^^
.venv/lib/python3.12/site-packages/torch/nn/modules/batchnorm.py:193: in forward
    return F.batch_norm(
.venv/lib/python3.12/site-packages/torch/nn/functional.py:2815: in batch_norm
    _verify_batch_size(input.size())
.venv/lib/python3.12/site-packages/torch/nn/functional.py:2781: in _verify_batch_size
    raise ValueError(
E   ValueError: Expected more than 1 value per channel when training, got input size torch.Size([1, 64])
__________________ TestRetrain.test_feature_importance_no_key __________________
tests/test_predict_retrain.py:150: in test_feature_importance_no_key
    assert r.status_code in [401, 403]
E   assert 200 in [401, 403]
E    +  where 200 = <Response [200 OK]>.status_code
----------------------------- Captured stdout call -----------------------------
2026-05-07 18:11:32 [info     ] GET /api/v1/model/feature-importance 200 26.57ms
{"timestamp": "2026-05-07T15:11:32.168576Z", "level": "INFO", "logger": "httpx", "message": "HTTP Request: GET http://testserver/api/v1/model/feature-importance \"HTTP/1.1 200 OK\"", "module": "_client", "function": "_send_single_request", "line": 1038}
------------------------------ Captured log call -------------------------------
INFO     httpx:_client.py:1038 HTTP Request: GET http://testserver/api/v1/model/feature-importance "HTTP/1.1 200 OK"
___________________ test_score_matches_baseline[Sweden-Wind] ___________________
tests/test_scoring_baseline.py:28: in test_score_matches_baseline
    assert abs(act_val - exp_val) <= TOLERANCE, f"{field}: expected {exp_val}, got {act_val} (delta > {TOLERANCE})"
E   AssertionError: success_probability: expected 95.5, got 98.0 (delta > 2.0)
E   assert 2.5 <= 2.0
E    +  where 2.5 = abs((98.0 - 95.5))
----------------------------- Captured stdout call -----------------------------
2026-05-07 18:11:39 [info     ] POST /api/v1/evaluate 200 354.97ms
{"timestamp": "2026-05-07T15:11:39.818881Z", "level": "INFO", "logger": "httpx", "message": "HTTP Request: POST http://testserver/api/v1/evaluate \"HTTP/1.1 200 OK\"", "module": "_client", "function": "_send_single_request", "line": 1038}
------------------------------ Captured log call -------------------------------
INFO     httpx:_client.py:1038 HTTP Request: POST http://testserver/api/v1/evaluate "HTTP/1.1 200 OK"
__________________ test_score_matches_baseline[Germany-Wind] ___________________
tests/test_scoring_baseline.py:28: in test_score_matches_baseline
    assert abs(act_val - exp_val) <= TOLERANCE, f"{field}: expected {exp_val}, got {act_val} (delta > {TOLERANCE})"
E   AssertionError: success_probability: expected 95.5, got 98.0 (delta > 2.0)
E   assert 2.5 <= 2.0
E    +  where 2.5 = abs((98.0 - 95.5))
----------------------------- Captured stdout call -----------------------------
2026-05-07 18:11:43 [info     ] POST /api/v1/evaluate 200 410.44ms
{"timestamp": "2026-05-07T15:11:43.318681Z", "level": "INFO", "logger": "httpx", "message": "HTTP Request: POST http://testserver/api/v1/evaluate \"HTTP/1.1 200 OK\"", "module": "_client", "function": "_send_single_request", "line": 1038}
------------------------------ Captured log call -------------------------------
INFO     httpx:_client.py:1038 HTTP Request: POST http://testserver/api/v1/evaluate "HTTP/1.1 200 OK"
_____________________ test_score_matches_baseline[UK-Wind] _____________________
tests/test_scoring_baseline.py:28: in test_score_matches_baseline
    assert abs(act_val - exp_val) <= TOLERANCE, f"{field}: expected {exp_val}, got {act_val} (delta > {TOLERANCE})"
E   AssertionError: success_probability: expected 95.5, got 98.0 (delta > 2.0)
E   assert 2.5 <= 2.0
E    +  where 2.5 = abs((98.0 - 95.5))
----------------------------- Captured stdout call -----------------------------
2026-05-07 18:11:45 [info     ] POST /api/v1/evaluate 200 344.40ms
{"timestamp": "2026-05-07T15:11:45.712185Z", "level": "INFO", "logger": "httpx", "message": "HTTP Request: POST http://testserver/api/v1/evaluate \"HTTP/1.1 200 OK\"", "module": "_client", "function": "_send_single_request", "line": 1038}
------------------------------ Captured log call -------------------------------
INFO     httpx:_client.py:1038 HTTP Request: POST http://testserver/api/v1/evaluate "HTTP/1.1 200 OK"
____________________ test_score_matches_baseline[USA-Wind] _____________________
tests/test_scoring_baseline.py:28: in test_score_matches_baseline
    assert abs(act_val - exp_val) <= TOLERANCE, f"{field}: expected {exp_val}, got {act_val} (delta > {TOLERANCE})"
E   AssertionError: success_probability: expected 95.5, got 98.0 (delta > 2.0)
E   assert 2.5 <= 2.0
E    +  where 2.5 = abs((98.0 - 95.5))
----------------------------- Captured stdout call -----------------------------
2026-05-07 18:11:48 [info     ] POST /api/v1/evaluate 200 505.51ms
{"timestamp": "2026-05-07T15:11:48.392045Z", "level": "INFO", "logger": "httpx", "message": "HTTP Request: POST http://testserver/api/v1/evaluate \"HTTP/1.1 200 OK\"", "module": "_client", "function": "_send_single_request", "line": 1038}
------------------------------ Captured log call -------------------------------
INFO     httpx:_client.py:1038 HTTP Request: POST http://testserver/api/v1/evaluate "HTTP/1.1 200 OK"
___________________ test_score_matches_baseline[Brazil-Wind] ___________________
tests/test_scoring_baseline.py:28: in test_score_matches_baseline
    assert abs(act_val - exp_val) <= TOLERANCE, f"{field}: expected {exp_val}, got {act_val} (delta > {TOLERANCE})"
E   AssertionError: success_probability: expected 95.5, got 98.0 (delta > 2.0)
E   assert 2.5 <= 2.0
E    +  where 2.5 = abs((98.0 - 95.5))
----------------------------- Captured stdout call -----------------------------
2026-05-07 18:11:52 [info     ] POST /api/v1/evaluate 200 391.69ms
{"timestamp": "2026-05-07T15:11:52.656266Z", "level": "INFO", "logger": "httpx", "message": "HTTP Request: POST http://testserver/api/v1/evaluate \"HTTP/1.1 200 OK\"", "module": "_client", "function": "_send_single_request", "line": 1038}
------------------------------ Captured log call -------------------------------
INFO     httpx:_client.py:1038 HTTP Request: POST http://testserver/api/v1/evaluate "HTTP/1.1 200 OK"
___________________ test_score_matches_baseline[India-Wind] ____________________
tests/test_scoring_baseline.py:28: in test_score_matches_baseline
    assert abs(act_val - exp_val) <= TOLERANCE, f"{field}: expected {exp_val}, got {act_val} (delta > {TOLERANCE})"
E   AssertionError: success_probability: expected 95.5, got 98.0 (delta > 2.0)
E   assert 2.5 <= 2.0
E    +  where 2.5 = abs((98.0 - 95.5))
----------------------------- Captured stdout call -----------------------------
2026-05-07 18:11:56 [info     ] POST /api/v1/evaluate 200 385.31ms
{"timestamp": "2026-05-07T15:11:56.290942Z", "level": "INFO", "logger": "httpx", "message": "HTTP Request: POST http://testserver/api/v1/evaluate \"HTTP/1.1 200 OK\"", "module": "_client", "function": "_send_single_request", "line": 1038}
------------------------------ Captured log call -------------------------------
INFO     httpx:_client.py:1038 HTTP Request: POST http://testserver/api/v1/evaluate "HTTP/1.1 200 OK"
___________________ test_score_matches_baseline[Japan-Wind] ____________________
tests/test_scoring_baseline.py:28: in test_score_matches_baseline
    assert abs(act_val - exp_val) <= TOLERANCE, f"{field}: expected {exp_val}, got {act_val} (delta > {TOLERANCE})"
E   AssertionError: success_probability: expected 95.5, got 98.0 (delta > 2.0)
E   assert 2.5 <= 2.0
E    +  where 2.5 = abs((98.0 - 95.5))
----------------------------- Captured stdout call -----------------------------
2026-05-07 18:11:59 [info     ] POST /api/v1/evaluate 200 449.42ms
{"timestamp": "2026-05-07T15:11:59.638147Z", "level": "INFO", "logger": "httpx", "message": "HTTP Request: POST http://testserver/api/v1/evaluate \"HTTP/1.1 200 OK\"", "module": "_client", "function": "_send_single_request", "line": 1038}
------------------------------ Captured log call -------------------------------
INFO     httpx:_client.py:1038 HTTP Request: POST http://testserver/api/v1/evaluate "HTTP/1.1 200 OK"
=========================== short test summary info ============================
FAILED tests/test_ab_deep.py::test_ab_start - assert 405 in (200, 201, 404, 422)
FAILED tests/test_ab_deep.py::test_ab_compare - assert 405 in (200, 404, 422,...
FAILED tests/test_api.py::test_root - assert 'SORA.Earth' in '<!doctype html>...
FAILED tests/test_api.py::test_history - AssertionError: assert False
FAILED tests/test_api.py::test_predict_compare - ValueError: Expected more th...
FAILED tests/test_api.py::test_predict_neural - ValueError: Expected more tha...
FAILED tests/test_api.py::test_predict_stacking - ValueError: Expected more t...
FAILED tests/test_api.py::test_pdf_report - ValueError: Expected more than 1 ...
FAILED tests/test_api_public_v1.py::test_evaluate_and_history_flow - Assertio...
FAILED tests/test_api_public_v1.py::test_report_pdf_generation - ValueError: ...
FAILED tests/test_auth.py::test_login_success - assert 422 == 200
FAILED tests/test_auth.py::test_login_wrong_password - assert 422 == 401
FAILED tests/test_auth.py::test_me_with_token - KeyError: 'access_token'
FAILED tests/test_auth.py::test_admin_endpoint - KeyError: 'access_token'
FAILED tests/test_auth_metrics.py::test_auth_invalid_key - TypeError: string ...
FAILED tests/test_auth_metrics.py::test_auth_valid_key - TypeError: string in...
FAILED tests/test_auth_routes_deep.py::test_login_success - assert 422 == 200
FAILED tests/test_auth_routes_deep.py::test_login_wrong_password - assert 422...
FAILED tests/test_auth_routes_deep.py::test_register - assert None
FAILED tests/test_auth_routes_deep.py::test_register_duplicate - assert None
FAILED tests/test_auth_routes_deep.py::test_me_with_token - assert None
FAILED tests/test_auth_routes_deep.py::test_admin_users - assert None
FAILED tests/test_auth_routes_deep.py::test_admin_users_forbidden_for_viewer
FAILED tests/test_auth_routes_deep.py::test_audit_log - assert None
FAILED tests/test_auth_routes_deep.py::test_token_expiry_format - assert 422 ...
FAILED tests/test_benchmarks.py::test_pdf_report - ValueError: Expected more ...
FAILED tests/test_calibration_deep.py::test_calibration_predict - assert 405 ...
FAILED tests/test_calibration_deep.py::test_calibration_compare - assert 405 ...
FAILED tests/test_calibration_deep.py::test_calibration_recalibrate - assert ...
FAILED tests/test_coverage_boost.py::TestAuthHTTP::test_me - AssertionError: ...
FAILED tests/test_coverage_boost.py::TestAuthHTTP::test_admin_stats - Asserti...
FAILED tests/test_coverage_boost.py::TestAuthHTTP::test_verify_key - Assertio...
FAILED tests/test_coverage_boost.py::TestAuthHTTP::test_audit_log_filter - As...
FAILED tests/test_coverage_boost.py::TestAuthHTTP::test_list_users - Assertio...
FAILED tests/test_coverage_boost.py::TestCalibration::test_reliability_diagram
FAILED tests/test_coverage_boost.py::TestCalibration::test_predict_uncertainty
FAILED tests/test_coverage_boost.py::TestABComparison::test_ab_comparison_json
FAILED tests/test_coverage_boost.py::TestABComparison::test_ab_comparison_plot
FAILED tests/test_coverage_boost.py::TestMainCoverage::test_404 - AssertionEr...
FAILED tests/test_coverage_boost.py::TestMainCoverage::test_model_info - Asse...
FAILED tests/test_coverage_boost.py::TestMainCoverage::test_model_metrics_main
FAILED tests/test_predict_retrain.py::TestPredict::test_predict_neural - Valu...
FAILED tests/test_predict_retrain.py::TestPredict::test_predict_stacking - Va...
FAILED tests/test_predict_retrain.py::TestPredict::test_predict_compare - Val...
FAILED tests/test_predict_retrain.py::TestRetrain::test_feature_importance_no_key
FAILED tests/test_scoring_baseline.py::test_score_matches_baseline[Sweden-Wind]
FAILED tests/test_scoring_baseline.py::test_score_matches_baseline[Germany-Wind]
FAILED tests/test_scoring_baseline.py::test_score_matches_baseline[UK-Wind]
FAILED tests/test_scoring_baseline.py::test_score_matches_baseline[USA-Wind]
FAILED tests/test_scoring_baseline.py::test_score_matches_baseline[Brazil-Wind]
FAILED tests/test_scoring_baseline.py::test_score_matches_baseline[India-Wind]
FAILED tests/test_scoring_baseline.py::test_score_matches_baseline[Japan-Wind]
============ 52 failed, 327 passed, 3 skipped, 2 xfailed in 59.40s =============
